[+] Containers:
 |- [+] Container: /Game/P01_Content/AI/BP/V2-SmartAI/ThirdPersonTemplate/Maps/ThirdPersonMap
 |   |- [+] ActorDescs:
 |   |   |- Guid:07E2D1DB426A8618612F1FA5CCB6CF20 BaseClass: NativeClass:/Script/Engine.ExponentialHeightFog Name:ExponentialHeightFog_0 Label:ExponentialHeightFog SpatiallyLoaded:0 Bounds:IsValid=true, Min=(X=0.000 Y=0.000 Z=0.000), Max=(X=0.000 Y=0.000 Z=0.000) RuntimeGrid:None EditorOnly:0 RuntimeOnly:0 HLODRelevant:0 FolderPath:Lighting FolderGuid:963EC3EB4002CCE9759E2EBA541A873A
 |   |   |- Guid:1109EBA741A92621AC9F4E9B7B6C0EB7 BaseClass:/Game/P01_Content/AI/BP/V2-SmartAI/RAIS-Template/AI-Characters/AI/BP-PatrolRoute.BP-PatrolRoute_C NativeClass:/Script/Engine.Actor Name:BP-PatrolRoute_C_UAID_D8BBC1D78D3062DC01_1117364730 Label:BP-PatrolRoute SpatiallyLoaded:1 Bounds:IsValid=true, Min=(X=0.000 Y=0.000 Z=0.000), Max=(X=0.000 Y=0.000 Z=0.000) RuntimeGrid:None EditorOnly:0 RuntimeOnly:0 HLODRelevant:0
 |   |   |- Guid:151FBEFA44809A5A47BFFB93293D9FF8 BaseClass: NativeClass:/Script/Engine.StaticMeshActor Name:StaticMeshActor_UAID_50EBF6E66AEEC9DB01_1373020812 Label:SM_Cube6 SpatiallyLoaded:1 Bounds:IsValid=true, Min=(X=2825.000 Y=-2320.000 Z=-200.000), Max=(X=2925.000 Y=3630.000 Z=200.000) RuntimeGrid:None EditorOnly:0 RuntimeOnly:0 HLODRelevant:0 FolderPath:Playground FolderGuid:C73F09FC4215536B1DCE2A9E0A830C70
 |   |   |- Guid:16AC70F74F5EEBD9A69F0EA2B48F6241 BaseClass: NativeClass:/Script/Engine.StaticMeshActor Name:StaticMeshActor_UAID_50EBF6E66AEEC9DB01_1549522816 Label:Cube2 SpatiallyLoaded:1 Bounds:IsValid=true, Min=(X=1700.000 Y=900.000 Z=0.063), Max=(X=2500.000 Y=1000.000 Z=200.063) RuntimeGrid:None EditorOnly:0 RuntimeOnly:0 HLODRelevant:0
 |   |   |- Guid:1C7F620B4A6C52D38531E08B398372D7 BaseClass: NativeClass:/Script/Engine.StaticMeshActor Name:StaticMeshActor_UAID_50EBF6E66AEEC9DB01_1363420811 Label:SM_Cube7 SpatiallyLoaded:1 Bounds:IsValid=true, Min=(X=-73.000 Y=-2340.000 Z=-200.000), Max=(X=2927.000 Y=-2240.000 Z=200.000) RuntimeGrid:None EditorOnly:0 RuntimeOnly:0 HLODRelevant:0 FolderPath:Playground FolderGuid:C73F09FC4215536B1DCE2A9E0A830C70
 |   |   |- Guid:1D2ADAC14DA5CA32CA232CB36C70F877 BaseClass:/Game/P01_Content/AI/BP/V2-SmartAI/RAIS-Template/AI-Characters/MageEnemy/BP-Enemy-Mage.BP-Enemy-Mage_C NativeClass:/Script/Engine.Character Name:BP-Enemy-Mage_C_UAID_D8BBC1D78D3062DC01_1216980732 Label:BP-Enemy-Mage SpatiallyLoaded:1 Bounds:IsValid=true, Min=(X=0.000 Y=0.000 Z=0.000), Max=(X=0.000 Y=0.000 Z=0.000) RuntimeGrid:None EditorOnly:0 RuntimeOnly:0 HLODRelevant:0
 |   |   |- Guid:221B7C3547A54BDA20BD65894E6AB180 BaseClass: NativeClass:/Script/Engine.PostProcessVolume Name:PostProcessVolume_0 Label:PostProcessVolume SpatiallyLoaded:0 Bounds:IsValid=true, Min=(X=0.000 Y=0.000 Z=0.000), Max=(X=0.000 Y=0.000 Z=0.000) RuntimeGrid:None EditorOnly:0 RuntimeOnly:0 HLODRelevant:0 FolderPath:Lighting FolderGuid:963EC3EB4002CCE9759E2EBA541A873A
 |   |   |- Guid:31C45B06481582E23716B5A007DF418C BaseClass: NativeClass:/Script/Engine.PlayerStart Name:PlayerStart_0 Label:PlayerStart SpatiallyLoaded:0 Bounds:IsValid=true, Min=(X=2040.000 Y=635.000 Z=0.013), Max=(X=2120.000 Y=715.000 Z=184.013) RuntimeGrid:None EditorOnly:0 RuntimeOnly:0 HLODRelevant:0
 |   |   |- Guid:3966189546FEF8BBA770CC9AFE4DCEBC BaseClass: NativeClass:/Script/Engine.StaticMeshActor Name:StaticMeshActor_5 Label:SM_Cube2 SpatiallyLoaded:1 Bounds:IsValid=true, Min=(X=438.000 Y=254.000 Z=-200.000), Max=(X=2938.000 Y=354.000 Z=200.000) RuntimeGrid:None EditorOnly:0 RuntimeOnly:0 HLODRelevant:0 FolderPath:Playground FolderGuid:C73F09FC4215536B1DCE2A9E0A830C70
 |   |   |- Guid:578BEC874F7A1DA0C60082A44D004261 BaseClass: NativeClass:/Script/Engine.StaticMeshActor Name:StaticMeshActor_1 Label:SM_Cube SpatiallyLoaded:1 Bounds:IsValid=true, Min=(X=-835.500 Y=-2809.000 Z=-75.000), Max=(X=3689.500 Y=4041.000 Z=-25.000) RuntimeGrid:None EditorOnly:0 RuntimeOnly:0 HLODRelevant:0 FolderPath:Playground FolderGuid:C73F09FC4215536B1DCE2A9E0A830C70
 |   |   |- Guid:587A9E284DBE3BA328C42BBF26DB86EE BaseClass:/Game/P01_Content/AI/BP/V2-SmartAI/RAIS-Template/AI-Characters/MeleeEnemy/BP-Enemy-Melee.BP-Enemy-Melee_C NativeClass:/Script/Engine.Character Name:BP-Enemy-Melee_C_UAID_D8BBC1D78D3061DC01_2143279552 Label:BP-Enemy-Melee2 SpatiallyLoaded:1 Bounds:IsValid=true, Min=(X=0.000 Y=0.000 Z=0.000), Max=(X=0.000 Y=0.000 Z=0.000) RuntimeGrid:None EditorOnly:0 RuntimeOnly:0 HLODRelevant:0
 |   |   |- Guid:5BA0F10B4C3B03C72A28F58459A8E38B BaseClass: NativeClass:/Script/Engine.WorldDataLayers Name:WorldDataLayers Label:WorldDataLayers SpatiallyLoaded:0 Bounds:IsValid=true, Min=(X=0.000 Y=0.000 Z=0.000), Max=(X=0.000 Y=0.000 Z=0.000) RuntimeGrid:None EditorOnly:0 RuntimeOnly:0 HLODRelevant:0
 |   |   |- Guid:6526AB154FBDA7D5DF40D3B2647154A2 BaseClass: NativeClass:/Script/Engine.StaticMeshActor Name:StaticMeshActor_13 Label:SM_Cube9 SpatiallyLoaded:1 Bounds:IsValid=true, Min=(X=1500.000 Y=610.000 Z=-49.500), Max=(X=1700.000 Y=2210.000 Z=225.500) RuntimeGrid:None EditorOnly:0 RuntimeOnly:0 HLODRelevant:0 FolderPath:Block01 FolderGuid:7D23E5AE4C2A421F86AF6986D87E6D05
 |   |   |- Guid:70EC4ED7443C2C5E04681A832E6ACD20 BaseClass:/Game/P01_Content/AI/BP/V2-SmartAI/RAIS-Template/AI-Characters/AI/BP-PatrolRoute.BP-PatrolRoute_C NativeClass:/Script/Engine.Actor Name:BP-PatrolRoute_C_UAID_D8BBC1D78D3062DC01_1228611733 Label:BP-PatrolRoute3 SpatiallyLoaded:1 Bounds:IsValid=true, Min=(X=0.000 Y=0.000 Z=0.000), Max=(X=0.000 Y=0.000 Z=0.000) RuntimeGrid:None EditorOnly:0 RuntimeOnly:0 HLODRelevant:0
 |   |   |- Guid:84F1DBBD42D0931C2398CEA5290F1128 BaseClass: NativeClass:/Script/Engine.SkyLight Name:SkyLight_1 Label:SkyLight SpatiallyLoaded:0 Bounds:IsValid=true, Min=(X=0.000 Y=0.000 Z=0.000), Max=(X=0.000 Y=0.000 Z=0.000) RuntimeGrid:None EditorOnly:0 RuntimeOnly:0 HLODRelevant:0 FolderPath:Lighting FolderGuid:963EC3EB4002CCE9759E2EBA541A873A
 |   |   |- Guid:980F0CC24B0AC4983DB467B5BE4BA5BF BaseClass:/Game/P01_Content/AI/BP/V2-SmartAI/RAIS-Template/AI-Characters/RangedEnemy/BP-Enemy-Ranged.BP-Enemy-Ranged_C NativeClass:/Script/Engine.Character Name:BP-Enemy-Ranged_C_UAID_D8BBC1D78D3062DC01_1078411729 Label:BP-Enemy-Ranged2 SpatiallyLoaded:1 Bounds:IsValid=true, Min=(X=0.000 Y=0.000 Z=0.000), Max=(X=0.000 Y=0.000 Z=0.000) RuntimeGrid:None EditorOnly:0 RuntimeOnly:0 HLODRelevant:0
 |   |   |- Guid:9E53F45B474AD0FAF42AA0BC7408E9EC BaseClass: NativeClass:/Script/Engine.TextRenderActor Name:TextRenderActor_1 Label:TextRenderActor SpatiallyLoaded:1 Bounds:IsValid=true, Min=(X=0.000 Y=0.000 Z=0.000), Max=(X=0.000 Y=0.000 Z=0.000) RuntimeGrid:None EditorOnly:0 RuntimeOnly:0 HLODRelevant:0
 |   |   |- Guid:A3087C5F470E0460A4D5FC8E45C5BADD BaseClass:/Game/P01_Content/AI/BP/V2-SmartAI/RAIS-Template/AI-Characters/AI/BP-PatrolRoute.BP-PatrolRoute_C NativeClass:/Script/Engine.Actor Name:BP-PatrolRoute_C_UAID_D8BBC1D78D3062DC01_1181224731 Label:BP-PatrolRoute2 SpatiallyLoaded:1 Bounds:IsValid=true, Min=(X=0.000 Y=0.000 Z=0.000), Max=(X=0.000 Y=0.000 Z=0.000) RuntimeGrid:None EditorOnly:0 RuntimeOnly:0 HLODRelevant:0
 |   |   |- Guid:A5BBD914427D5DB7DFAA65B4421C7D60 BaseClass: NativeClass:/Script/Engine.DirectionalLight Name:DirectionalLight_0 Label:DirectionalLight SpatiallyLoaded:0 Bounds:IsValid=true, Min=(X=0.000 Y=0.000 Z=0.000), Max=(X=0.000 Y=0.000 Z=0.000) RuntimeGrid:None EditorOnly:0 RuntimeOnly:0 HLODRelevant:0 FolderPath:Lighting FolderGuid:963EC3EB4002CCE9759E2EBA541A873A
 |   |   |- Guid:A8D8393744E8F83921E47194580572E7 BaseClass: NativeClass:/Script/Engine.VolumetricCloud Name:VolumetricCloud_0 Label:VolumetricCloud SpatiallyLoaded:0 Bounds:IsValid=true, Min=(X=0.000 Y=0.000 Z=0.000), Max=(X=0.000 Y=0.000 Z=0.000) RuntimeGrid:None EditorOnly:0 RuntimeOnly:0 HLODRelevant:0 FolderPath:Lighting FolderGuid:963EC3EB4002CCE9759E2EBA541A873A
 |   |   |- Guid:B0C3B5B84BAF2DC93E409393EC21F4C7 BaseClass: NativeClass:/Script/Engine.SkyAtmosphere Name:SkyAtmosphere_0 Label:SkyAtmosphere SpatiallyLoaded:0 Bounds:IsValid=true, Min=(X=0.000 Y=0.000 Z=0.000), Max=(X=0.000 Y=0.000 Z=0.000) RuntimeGrid:None EditorOnly:0 RuntimeOnly:0 HLODRelevant:0 FolderPath:Lighting FolderGuid:963EC3EB4002CCE9759E2EBA541A873A
 |   |   |- Guid:B9BB944540D2562DED740C8FE8E02CD2 BaseClass: NativeClass:/Script/Engine.StaticMeshActor Name:StaticMeshActor_UAID_A4AE111137DC5EFB00_1110535423 Label:SM_SkySphere SpatiallyLoaded:0 Bounds:IsValid=true, Min=(X=0.000 Y=0.000 Z=0.000), Max=(X=0.000 Y=0.000 Z=0.000) RuntimeGrid:None EditorOnly:0 RuntimeOnly:0 HLODRelevant:0 FolderPath:Lighting FolderGuid:963EC3EB4002CCE9759E2EBA541A873A
 |   |   |- Guid:D3DEAB4842A5BF2153A10E9E532AA95C BaseClass: NativeClass:/Script/NavigationSystem.NavMeshBoundsVolume Name:NavMeshBoundsVolume_UAID_D8BBC1D78D30CDBA01_1848345656 Label:NavMeshBoundsVolume SpatiallyLoaded:0 Bounds:IsValid=true, Min=(X=9.422 Y=-2255.730 Z=-428.155), Max=(X=2859.422 Y=3594.270 Z=621.845) RuntimeGrid:None EditorOnly:0 RuntimeOnly:0 HLODRelevant:0
 |   |   |- Guid:D4EB094748744AF317D873B4F85D49B7 BaseClass: NativeClass:/Script/Engine.StaticMeshActor Name:StaticMeshActor_9 Label:SM_Ramp2 SpatiallyLoaded:1 Bounds:IsValid=true, Min=(X=900.000 Y=1250.000 Z=0.000), Max=(X=1500.000 Y=1450.000 Z=225.000) RuntimeGrid:None EditorOnly:0 RuntimeOnly:0 HLODRelevant:0 FolderPath:Block01 FolderGuid:7D23E5AE4C2A421F86AF6986D87E6D05
 |   |   |- Guid:D574BB054229125A48CFA1806C337FC7 BaseClass: NativeClass:/Script/Engine.StaticMeshActor Name:StaticMeshActor_8 Label:SM_Cube4 SpatiallyLoaded:1 Bounds:IsValid=true, Min=(X=900.000 Y=1450.000 Z=-125.000), Max=(X=1500.000 Y=1950.000 Z=225.000) RuntimeGrid:None EditorOnly:0 RuntimeOnly:0 HLODRelevant:0 FolderPath:Block01 FolderGuid:7D23E5AE4C2A421F86AF6986D87E6D05
 |   |   |- Guid:DA90A19547B353DE291966814AA2AD9A BaseClass: NativeClass:/Script/Engine.StaticMeshActor Name:StaticMeshActor_0 Label:SM_Cube5 SpatiallyLoaded:1 Bounds:IsValid=true, Min=(X=-55.000 Y=-2320.000 Z=-200.000), Max=(X=45.000 Y=3630.000 Z=200.000) RuntimeGrid:None EditorOnly:0 RuntimeOnly:0 HLODRelevant:0 FolderPath:Playground FolderGuid:C73F09FC4215536B1DCE2A9E0A830C70
 |   |   |- Guid:DD176C9E42DEA6F06B9157A6F2D36BAD BaseClass: NativeClass:/Script/Engine.StaticMeshActor Name:StaticMeshActor_12 Label:SM_Cube8 SpatiallyLoaded:1 Bounds:IsValid=true, Min=(X=1090.000 Y=2700.000 Z=-150.000), Max=(X=2290.000 Y=3000.000 Z=150.000) RuntimeGrid:None EditorOnly:0 RuntimeOnly:0 HLODRelevant:0 FolderPath:Block02 FolderGuid:EBA23F8248252949750E43911A3A1CDD
 |   |   |- Guid:E10FCBB142F4FC0F12455EA0BDEE3D9F BaseClass:/Game/P01_Content/AI/BP/V2-SmartAI/RAIS-Template/AI-Characters/AI/EQS/EQS-TestingPawn_2.EQS-TestingPawn_C NativeClass:/Script/AIModule.EQSTestingPawn Name:EQS-TestingPawn_C_UAID_D8BBC1D78D3043BE01_1504752591 Label:EQS-TestingPawn SpatiallyLoaded:1 Bounds:IsValid=true, Min=(X=-322.790 Y=372.421 Z=0.063), Max=(X=-254.790 Y=440.421 Z=176.063) RuntimeGrid:None EditorOnly:0 RuntimeOnly:0 HLODRelevant:0
 |   |   |- Guid:E771566E4F97D67817C7638480B9C087 BaseClass: NativeClass:/Script/Engine.StaticMeshActor Name:StaticMeshActor_16 Label:SM_Cube11 SpatiallyLoaded:1 Bounds:IsValid=true, Min=(X=330.000 Y=2700.000 Z=-24.937), Max=(X=630.000 Y=3000.000 Z=175.063) RuntimeGrid:None EditorOnly:0 RuntimeOnly:0 HLODRelevant:0 FolderPath:Block03 FolderGuid:7B7009C345D3D6DD94D3429E1D79C034
 |   |   |- Guid:F5E4B9D749168E9BBA8D7D8BBFFF2EC9 BaseClass: NativeClass:/Script/NavigationSystem.RecastNavMesh Name:RecastNavMesh_UAID_D8BBC1D78D30CDBA01-Default Label:RecastNavMesh-Default SpatiallyLoaded:0 Bounds:IsValid=true, Min=(X=0.000 Y=0.000 Z=0.000), Max=(X=0.000 Y=0.000 Z=0.000) RuntimeGrid:None EditorOnly:0 RuntimeOnly:0 HLODRelevant:0
 |   |   |- Guid:FF619C7744CD0C20EBB229BDB5E22810 BaseClass: NativeClass:/Script/Engine.StaticMeshActor Name:StaticMeshActor_6 Label:SM_Cube3 SpatiallyLoaded:1 Bounds:IsValid=true, Min=(X=-73.000 Y=3560.000 Z=-200.000), Max=(X=2927.000 Y=3660.000 Z=200.000) RuntimeGrid:None EditorOnly:0 RuntimeOnly:0 HLODRelevant:0 FolderPath:Playground FolderGuid:C73F09FC4215536B1DCE2A9E0A830C70
 |   |- [+] Clusters:
 |   |   |- [+] [  0]
 |   |   |   |- Guid:5BA0F10B4C3B03C72A28F58459A8E38B BaseClass: NativeClass:/Script/Engine.WorldDataLayers Name:WorldDataLayers Label:WorldDataLayers SpatiallyLoaded:0 Bounds:IsValid=true, Min=(X=0.000 Y=0.000 Z=0.000), Max=(X=0.000 Y=0.000 Z=0.000) RuntimeGrid:None EditorOnly:0 RuntimeOnly:0 HLODRelevant:0
 |   |   |- [+] [  1]
 |   |   |   |- Guid:70EC4ED7443C2C5E04681A832E6ACD20 BaseClass:/Game/P01_Content/AI/BP/V2-SmartAI/RAIS-Template/AI-Characters/AI/BP-PatrolRoute.BP-PatrolRoute_C NativeClass:/Script/Engine.Actor Name:BP-PatrolRoute_C_UAID_D8BBC1D78D3062DC01_1228611733 Label:BP-PatrolRoute3 SpatiallyLoaded:1 Bounds:IsValid=true, Min=(X=0.000 Y=0.000 Z=0.000), Max=(X=0.000 Y=0.000 Z=0.000) RuntimeGrid:None EditorOnly:0 RuntimeOnly:0 HLODRelevant:0
 |   |   |- [+] [  2]
 |   |   |   |- Guid:578BEC874F7A1DA0C60082A44D004261 BaseClass: NativeClass:/Script/Engine.StaticMeshActor Name:StaticMeshActor_1 Label:SM_Cube SpatiallyLoaded:1 Bounds:IsValid=true, Min=(X=-835.500 Y=-2809.000 Z=-75.000), Max=(X=3689.500 Y=4041.000 Z=-25.000) RuntimeGrid:None EditorOnly:0 RuntimeOnly:0 HLODRelevant:0 FolderPath:Playground FolderGuid:C73F09FC4215536B1DCE2A9E0A830C70
 |   |   |- [+] [  3]
 |   |   |   |- Guid:1C7F620B4A6C52D38531E08B398372D7 BaseClass: NativeClass:/Script/Engine.StaticMeshActor Name:StaticMeshActor_UAID_50EBF6E66AEEC9DB01_1363420811 Label:SM_Cube7 SpatiallyLoaded:1 Bounds:IsValid=true, Min=(X=-73.000 Y=-2340.000 Z=-200.000), Max=(X=2927.000 Y=-2240.000 Z=200.000) RuntimeGrid:None EditorOnly:0 RuntimeOnly:0 HLODRelevant:0 FolderPath:Playground FolderGuid:C73F09FC4215536B1DCE2A9E0A830C70
 |   |   |- [+] [  4]
 |   |   |   |- Guid:B9BB944540D2562DED740C8FE8E02CD2 BaseClass: NativeClass:/Script/Engine.StaticMeshActor Name:StaticMeshActor_UAID_A4AE111137DC5EFB00_1110535423 Label:SM_SkySphere SpatiallyLoaded:0 Bounds:IsValid=true, Min=(X=0.000 Y=0.000 Z=0.000), Max=(X=0.000 Y=0.000 Z=0.000) RuntimeGrid:None EditorOnly:0 RuntimeOnly:0 HLODRelevant:0 FolderPath:Lighting FolderGuid:963EC3EB4002CCE9759E2EBA541A873A
 |   |   |- [+] [  5]
 |   |   |   |- Guid:9E53F45B474AD0FAF42AA0BC7408E9EC BaseClass: NativeClass:/Script/Engine.TextRenderActor Name:TextRenderActor_1 Label:TextRenderActor SpatiallyLoaded:1 Bounds:IsValid=true, Min=(X=0.000 Y=0.000 Z=0.000), Max=(X=0.000 Y=0.000 Z=0.000) RuntimeGrid:None EditorOnly:0 RuntimeOnly:0 HLODRelevant:0
 |   |   |- [+] [  6]
 |   |   |   |- Guid:E10FCBB142F4FC0F12455EA0BDEE3D9F BaseClass:/Game/P01_Content/AI/BP/V2-SmartAI/RAIS-Template/AI-Characters/AI/EQS/EQS-TestingPawn_2.EQS-TestingPawn_C NativeClass:/Script/AIModule.EQSTestingPawn Name:EQS-TestingPawn_C_UAID_D8BBC1D78D3043BE01_1504752591 Label:EQS-TestingPawn SpatiallyLoaded:1 Bounds:IsValid=true, Min=(X=-322.790 Y=372.421 Z=0.063), Max=(X=-254.790 Y=440.421 Z=176.063) RuntimeGrid:None EditorOnly:0 RuntimeOnly:0 HLODRelevant:0
 |   |   |- [+] [  7]
 |   |   |   |- Guid:D574BB054229125A48CFA1806C337FC7 BaseClass: NativeClass:/Script/Engine.StaticMeshActor Name:StaticMeshActor_8 Label:SM_Cube4 SpatiallyLoaded:1 Bounds:IsValid=true, Min=(X=900.000 Y=1450.000 Z=-125.000), Max=(X=1500.000 Y=1950.000 Z=225.000) RuntimeGrid:None EditorOnly:0 RuntimeOnly:0 HLODRelevant:0 FolderPath:Block01 FolderGuid:7D23E5AE4C2A421F86AF6986D87E6D05
 |   |   |- [+] [  8]
 |   |   |   |- Guid:E771566E4F97D67817C7638480B9C087 BaseClass: NativeClass:/Script/Engine.StaticMeshActor Name:StaticMeshActor_16 Label:SM_Cube11 SpatiallyLoaded:1 Bounds:IsValid=true, Min=(X=330.000 Y=2700.000 Z=-24.937), Max=(X=630.000 Y=3000.000 Z=175.063) RuntimeGrid:None EditorOnly:0 RuntimeOnly:0 HLODRelevant:0 FolderPath:Block03 FolderGuid:7B7009C345D3D6DD94D3429E1D79C034
 |   |   |- [+] [  9]
 |   |   |   |- Guid:FF619C7744CD0C20EBB229BDB5E22810 BaseClass: NativeClass:/Script/Engine.StaticMeshActor Name:StaticMeshActor_6 Label:SM_Cube3 SpatiallyLoaded:1 Bounds:IsValid=true, Min=(X=-73.000 Y=3560.000 Z=-200.000), Max=(X=2927.000 Y=3660.000 Z=200.000) RuntimeGrid:None EditorOnly:0 RuntimeOnly:0 HLODRelevant:0 FolderPath:Playground FolderGuid:C73F09FC4215536B1DCE2A9E0A830C70
 |   |   |- [+] [ 10]
 |   |   |   |- Guid:DD176C9E42DEA6F06B9157A6F2D36BAD BaseClass: NativeClass:/Script/Engine.StaticMeshActor Name:StaticMeshActor_12 Label:SM_Cube8 SpatiallyLoaded:1 Bounds:IsValid=true, Min=(X=1090.000 Y=2700.000 Z=-150.000), Max=(X=2290.000 Y=3000.000 Z=150.000) RuntimeGrid:None EditorOnly:0 RuntimeOnly:0 HLODRelevant:0 FolderPath:Block02 FolderGuid:EBA23F8248252949750E43911A3A1CDD
 |   |   |- [+] [ 11]
 |   |   |   |- Guid:587A9E284DBE3BA328C42BBF26DB86EE BaseClass:/Game/P01_Content/AI/BP/V2-SmartAI/RAIS-Template/AI-Characters/MeleeEnemy/BP-Enemy-Melee.BP-Enemy-Melee_C NativeClass:/Script/Engine.Character Name:BP-Enemy-Melee_C_UAID_D8BBC1D78D3061DC01_2143279552 Label:BP-Enemy-Melee2 SpatiallyLoaded:1 Bounds:IsValid=true, Min=(X=0.000 Y=0.000 Z=0.000), Max=(X=0.000 Y=0.000 Z=0.000) RuntimeGrid:None EditorOnly:0 RuntimeOnly:0 HLODRelevant:0
 |   |   |- [+] [ 12]
 |   |   |   |- Guid:D3DEAB4842A5BF2153A10E9E532AA95C BaseClass: NativeClass:/Script/NavigationSystem.NavMeshBoundsVolume Name:NavMeshBoundsVolume_UAID_D8BBC1D78D30CDBA01_1848345656 Label:NavMeshBoundsVolume SpatiallyLoaded:0 Bounds:IsValid=true, Min=(X=9.422 Y=-2255.730 Z=-428.155), Max=(X=2859.422 Y=3594.270 Z=621.845) RuntimeGrid:None EditorOnly:0 RuntimeOnly:0 HLODRelevant:0
 |   |   |- [+] [ 13]
 |   |   |   |- Guid:A5BBD914427D5DB7DFAA65B4421C7D60 BaseClass: NativeClass:/Script/Engine.DirectionalLight Name:DirectionalLight_0 Label:DirectionalLight SpatiallyLoaded:0 Bounds:IsValid=true, Min=(X=0.000 Y=0.000 Z=0.000), Max=(X=0.000 Y=0.000 Z=0.000) RuntimeGrid:None EditorOnly:0 RuntimeOnly:0 HLODRelevant:0 FolderPath:Lighting FolderGuid:963EC3EB4002CCE9759E2EBA541A873A
 |   |   |- [+] [ 14]
 |   |   |   |- Guid:980F0CC24B0AC4983DB467B5BE4BA5BF BaseClass:/Game/P01_Content/AI/BP/V2-SmartAI/RAIS-Template/AI-Characters/RangedEnemy/BP-Enemy-Ranged.BP-Enemy-Ranged_C NativeClass:/Script/Engine.Character Name:BP-Enemy-Ranged_C_UAID_D8BBC1D78D3062DC01_1078411729 Label:BP-Enemy-Ranged2 SpatiallyLoaded:1 Bounds:IsValid=true, Min=(X=0.000 Y=0.000 Z=0.000), Max=(X=0.000 Y=0.000 Z=0.000) RuntimeGrid:None EditorOnly:0 RuntimeOnly:0 HLODRelevant:0
 |   |   |   |- Guid:1109EBA741A92621AC9F4E9B7B6C0EB7 BaseClass:/Game/P01_Content/AI/BP/V2-SmartAI/RAIS-Template/AI-Characters/AI/BP-PatrolRoute.BP-PatrolRoute_C NativeClass:/Script/Engine.Actor Name:BP-PatrolRoute_C_UAID_D8BBC1D78D3062DC01_1117364730 Label:BP-PatrolRoute SpatiallyLoaded:1 Bounds:IsValid=true, Min=(X=0.000 Y=0.000 Z=0.000), Max=(X=0.000 Y=0.000 Z=0.000) RuntimeGrid:None EditorOnly:0 RuntimeOnly:0 HLODRelevant:0
 |   |   |- [+] [ 15]
 |   |   |   |- Guid:B0C3B5B84BAF2DC93E409393EC21F4C7 BaseClass: NativeClass:/Script/Engine.SkyAtmosphere Name:SkyAtmosphere_0 Label:SkyAtmosphere SpatiallyLoaded:0 Bounds:IsValid=true, Min=(X=0.000 Y=0.000 Z=0.000), Max=(X=0.000 Y=0.000 Z=0.000) RuntimeGrid:None EditorOnly:0 RuntimeOnly:0 HLODRelevant:0 FolderPath:Lighting FolderGuid:963EC3EB4002CCE9759E2EBA541A873A
 |   |   |- [+] [ 16]
 |   |   |   |- Guid:DA90A19547B353DE291966814AA2AD9A BaseClass: NativeClass:/Script/Engine.StaticMeshActor Name:StaticMeshActor_0 Label:SM_Cube5 SpatiallyLoaded:1 Bounds:IsValid=true, Min=(X=-55.000 Y=-2320.000 Z=-200.000), Max=(X=45.000 Y=3630.000 Z=200.000) RuntimeGrid:None EditorOnly:0 RuntimeOnly:0 HLODRelevant:0 FolderPath:Playground FolderGuid:C73F09FC4215536B1DCE2A9E0A830C70
 |   |   |- [+] [ 17]
 |   |   |   |- Guid:1D2ADAC14DA5CA32CA232CB36C70F877 BaseClass:/Game/P01_Content/AI/BP/V2-SmartAI/RAIS-Template/AI-Characters/MageEnemy/BP-Enemy-Mage.BP-Enemy-Mage_C NativeClass:/Script/Engine.Character Name:BP-Enemy-Mage_C_UAID_D8BBC1D78D3062DC01_1216980732 Label:BP-Enemy-Mage SpatiallyLoaded:1 Bounds:IsValid=true, Min=(X=0.000 Y=0.000 Z=0.000), Max=(X=0.000 Y=0.000 Z=0.000) RuntimeGrid:None EditorOnly:0 RuntimeOnly:0 HLODRelevant:0
 |   |   |   |- Guid:A3087C5F470E0460A4D5FC8E45C5BADD BaseClass:/Game/P01_Content/AI/BP/V2-SmartAI/RAIS-Template/AI-Characters/AI/BP-PatrolRoute.BP-PatrolRoute_C NativeClass:/Script/Engine.Actor Name:BP-PatrolRoute_C_UAID_D8BBC1D78D3062DC01_1181224731 Label:BP-PatrolRoute2 SpatiallyLoaded:1 Bounds:IsValid=true, Min=(X=0.000 Y=0.000 Z=0.000), Max=(X=0.000 Y=0.000 Z=0.000) RuntimeGrid:None EditorOnly:0 RuntimeOnly:0 HLODRelevant:0
 |   |   |- [+] [ 18]
 |   |   |   |- Guid:A8D8393744E8F83921E47194580572E7 BaseClass: NativeClass:/Script/Engine.VolumetricCloud Name:VolumetricCloud_0 Label:VolumetricCloud SpatiallyLoaded:0 Bounds:IsValid=true, Min=(X=0.000 Y=0.000 Z=0.000), Max=(X=0.000 Y=0.000 Z=0.000) RuntimeGrid:None EditorOnly:0 RuntimeOnly:0 HLODRelevant:0 FolderPath:Lighting FolderGuid:963EC3EB4002CCE9759E2EBA541A873A
 |   |   |- [+] [ 19]
 |   |   |   |- Guid:31C45B06481582E23716B5A007DF418C BaseClass: NativeClass:/Script/Engine.PlayerStart Name:PlayerStart_0 Label:PlayerStart SpatiallyLoaded:0 Bounds:IsValid=true, Min=(X=2040.000 Y=635.000 Z=0.013), Max=(X=2120.000 Y=715.000 Z=184.013) RuntimeGrid:None EditorOnly:0 RuntimeOnly:0 HLODRelevant:0
 |   |   |- [+] [ 20]
 |   |   |   |- Guid:16AC70F74F5EEBD9A69F0EA2B48F6241 BaseClass: NativeClass:/Script/Engine.StaticMeshActor Name:StaticMeshActor_UAID_50EBF6E66AEEC9DB01_1549522816 Label:Cube2 SpatiallyLoaded:1 Bounds:IsValid=true, Min=(X=1700.000 Y=900.000 Z=0.063), Max=(X=2500.000 Y=1000.000 Z=200.063) RuntimeGrid:None EditorOnly:0 RuntimeOnly:0 HLODRelevant:0
 |   |   |- [+] [ 21]
 |   |   |   |- Guid:221B7C3547A54BDA20BD65894E6AB180 BaseClass: NativeClass:/Script/Engine.PostProcessVolume Name:PostProcessVolume_0 Label:PostProcessVolume SpatiallyLoaded:0 Bounds:IsValid=true, Min=(X=0.000 Y=0.000 Z=0.000), Max=(X=0.000 Y=0.000 Z=0.000) RuntimeGrid:None EditorOnly:0 RuntimeOnly:0 HLODRelevant:0 FolderPath:Lighting FolderGuid:963EC3EB4002CCE9759E2EBA541A873A
 |   |   |- [+] [ 22]
 |   |   |   |- Guid:F5E4B9D749168E9BBA8D7D8BBFFF2EC9 BaseClass: NativeClass:/Script/NavigationSystem.RecastNavMesh Name:RecastNavMesh_UAID_D8BBC1D78D30CDBA01-Default Label:RecastNavMesh-Default SpatiallyLoaded:0 Bounds:IsValid=true, Min=(X=0.000 Y=0.000 Z=0.000), Max=(X=0.000 Y=0.000 Z=0.000) RuntimeGrid:None EditorOnly:0 RuntimeOnly:0 HLODRelevant:0
 |   |   |- [+] [ 23]
 |   |   |   |- Guid:D4EB094748744AF317D873B4F85D49B7 BaseClass: NativeClass:/Script/Engine.StaticMeshActor Name:StaticMeshActor_9 Label:SM_Ramp2 SpatiallyLoaded:1 Bounds:IsValid=true, Min=(X=900.000 Y=1250.000 Z=0.000), Max=(X=1500.000 Y=1450.000 Z=225.000) RuntimeGrid:None EditorOnly:0 RuntimeOnly:0 HLODRelevant:0 FolderPath:Block01 FolderGuid:7D23E5AE4C2A421F86AF6986D87E6D05
 |   |   |- [+] [ 24]
 |   |   |   |- Guid:6526AB154FBDA7D5DF40D3B2647154A2 BaseClass: NativeClass:/Script/Engine.StaticMeshActor Name:StaticMeshActor_13 Label:SM_Cube9 SpatiallyLoaded:1 Bounds:IsValid=true, Min=(X=1500.000 Y=610.000 Z=-49.500), Max=(X=1700.000 Y=2210.000 Z=225.500) RuntimeGrid:None EditorOnly:0 RuntimeOnly:0 HLODRelevant:0 FolderPath:Block01 FolderGuid:7D23E5AE4C2A421F86AF6986D87E6D05
 |   |   |- [+] [ 25]
 |   |   |   |- Guid:84F1DBBD42D0931C2398CEA5290F1128 BaseClass: NativeClass:/Script/Engine.SkyLight Name:SkyLight_1 Label:SkyLight SpatiallyLoaded:0 Bounds:IsValid=true, Min=(X=0.000 Y=0.000 Z=0.000), Max=(X=0.000 Y=0.000 Z=0.000) RuntimeGrid:None EditorOnly:0 RuntimeOnly:0 HLODRelevant:0 FolderPath:Lighting FolderGuid:963EC3EB4002CCE9759E2EBA541A873A
 |   |   |- [+] [ 26]
 |   |   |   |- Guid:3966189546FEF8BBA770CC9AFE4DCEBC BaseClass: NativeClass:/Script/Engine.StaticMeshActor Name:StaticMeshActor_5 Label:SM_Cube2 SpatiallyLoaded:1 Bounds:IsValid=true, Min=(X=438.000 Y=254.000 Z=-200.000), Max=(X=2938.000 Y=354.000 Z=200.000) RuntimeGrid:None EditorOnly:0 RuntimeOnly:0 HLODRelevant:0 FolderPath:Playground FolderGuid:C73F09FC4215536B1DCE2A9E0A830C70
 |   |   |- [+] [ 27]
 |   |   |   |- Guid:07E2D1DB426A8618612F1FA5CCB6CF20 BaseClass: NativeClass:/Script/Engine.ExponentialHeightFog Name:ExponentialHeightFog_0 Label:ExponentialHeightFog SpatiallyLoaded:0 Bounds:IsValid=true, Min=(X=0.000 Y=0.000 Z=0.000), Max=(X=0.000 Y=0.000 Z=0.000) RuntimeGrid:None EditorOnly:0 RuntimeOnly:0 HLODRelevant:0 FolderPath:Lighting FolderGuid:963EC3EB4002CCE9759E2EBA541A873A
 |   |   |- [+] [ 28]
 |   |   |   |- Guid:151FBEFA44809A5A47BFFB93293D9FF8 BaseClass: NativeClass:/Script/Engine.StaticMeshActor Name:StaticMeshActor_UAID_50EBF6E66AEEC9DB01_1373020812 Label:SM_Cube6 SpatiallyLoaded:1 Bounds:IsValid=true, Min=(X=2825.000 Y=-2320.000 Z=-200.000), Max=(X=2925.000 Y=3630.000 Z=200.000) RuntimeGrid:None EditorOnly:0 RuntimeOnly:0 HLODRelevant:0 FolderPath:Playground FolderGuid:C73F09FC4215536B1DCE2A9E0A830C70
 |- ContainerInstances:
 |- [+] MainContainer:
 |   |-        ID: 0x0000000000000000
 |   |-    Bounds: IsValid=false, Min=(X=0.000 Y=0.000 Z=0.000), Max=(X=0.000 Y=0.000 Z=0.000)
 |   |- Transform: 0.000000,0.000000,0.000000|0.000000,0.000000,-0.000000|1.000000,1.000000,1.000000
 |   |- Container: /Game/P01_Content/AI/BP/V2-SmartAI/ThirdPersonTemplate/Maps/ThirdPersonMap
----------------------------------------------------------------------------------------------------------------
ThirdPersonMap - Persistent Level
----------------------------------------------------------------------------------------------------------------
Always loaded Actor Count: 38 

----------------------------------------------------------------------------------------------------------------
ThirdPersonMap - Runtime Spatial Hash - Streaming Grid - MainGrid
----------------------------------------------------------------------------------------------------------------
            Origin: X=0.000 Y=0.000 Z=0.000
         Cell Size: 12800
      World Bounds: IsValid=false, Min=(X=0.000 Y=0.000 Z=0.000), Max=(X=0.000 Y=0.000 Z=0.000)
     Loading Range: 25600.00
Block Slow Loading: No
 ClientOnlyVisible: No

[+] Grid Levels: 1
 |- Level  0: Cell Count    0 | Cell Size   12800 | Actor Count    0 (0.0%)

[+] Content of Grid Level 0

