[+] Containers:
 |- [+] Container: /Game/P01_Content/AI/BP/V2-SmartAI/ThirdPersonTemplate/Maps/ThirdPersonMap
 |   |- [+] ActorDescs:
 |   |   |- Guid:03DF6C154DA0BB7407368F9BABE8A569 BaseClass: NativeClass:/Script/Engine.StaticMeshActor Name:StaticMeshActor_9 Label:SM_Ramp2 SpatiallyLoaded:1 Bounds:IsValid=true, Min=(X=900.000 Y=1250.000 Z=0.000), Max=(X=1500.000 Y=1450.000 Z=225.000) RuntimeGrid:None EditorOnly:0 RuntimeOnly:0 HLODRelevant:0 FolderPath:Block01 FolderGuid:7D23E5AE4C2A421F86AF6986D87E6D05
 |   |   |- Guid:0A19FE3C4DF837CCEACEBC8C7CA04A6C BaseClass:/Game/P01_Content/AI/BP/V2-SmartAI/RAIS-Template/AI-Characters/RangedEnemy/BP-Enemy-Ranged.BP-Enemy-Ranged_C NativeClass:/Script/Engine.Character Name:BP-Enemy-Ranged_C_UAID_50EBF6E66AEEC9DB01_1272668810 Label:BP-Enemy-Ranged SpatiallyLoaded:1 Bounds:IsValid=true, Min=(X=688.947 Y=1304.599 Z=-20.000), Max=(X=765.000 Y=1420.278 Z=185.000) RuntimeGrid:None EditorOnly:0 RuntimeOnly:0 HLODRelevant:0
 |   |   |- Guid:132B30AC486099ADDBAFB5819A0BC45F BaseClass:/Game/P01_Content/AI/BP/V2-SmartAI/RAIS-Template/AI-Characters/MageEnemy/BP-Enemy-Mage.BP-Enemy-Mage_C NativeClass:/Script/Engine.Character Name:BP-Enemy-Mage_C_UAID_50EBF6E66AEEC9DB01_1447416813 Label:BP-Enemy-Mage SpatiallyLoaded:1 Bounds:IsValid=true, Min=(X=465.000 Y=-1142.442 Z=-21.450), Max=(X=535.000 Y=-1047.358 Z=185.000) RuntimeGrid:None EditorOnly:0 RuntimeOnly:0 HLODRelevant:0
 |   |   |- Guid:180DFD1F470B51A71F8A7F8F58D9A2E1 BaseClass: NativeClass:/Script/Engine.PostProcessVolume Name:PostProcessVolume_0 Label:PostProcessVolume SpatiallyLoaded:0 Bounds:IsValid=true, Min=(X=0.000 Y=0.000 Z=0.000), Max=(X=0.000 Y=0.000 Z=0.000) RuntimeGrid:None EditorOnly:0 RuntimeOnly:0 HLODRelevant:0 FolderPath:Lighting FolderGuid:963EC3EB4002CCE9759E2EBA541A873A
 |   |   |- Guid:1F06EED34562F4BDEF39998098ABD3E4 BaseClass: NativeClass:/Script/Engine.StaticMeshActor Name:StaticMeshActor_5 Label:SM_Cube2 SpatiallyLoaded:1 Bounds:IsValid=true, Min=(X=438.000 Y=254.000 Z=-200.000), Max=(X=2938.000 Y=354.000 Z=200.000) RuntimeGrid:None EditorOnly:0 RuntimeOnly:0 HLODRelevant:0 FolderPath:Playground FolderGuid:C73F09FC4215536B1DCE2A9E0A830C70
 |   |   |- Guid:3A85B08C4D6EAA97662A739C63B33977 BaseClass: NativeClass:/Script/Engine.StaticMeshActor Name:StaticMeshActor_1 Label:SM_Cube SpatiallyLoaded:1 Bounds:IsValid=true, Min=(X=-835.500 Y=-2809.000 Z=-75.000), Max=(X=3689.500 Y=4041.000 Z=-25.000) RuntimeGrid:None EditorOnly:0 RuntimeOnly:0 HLODRelevant:0 FolderPath:Playground FolderGuid:C73F09FC4215536B1DCE2A9E0A830C70
 |   |   |- Guid:3AF9814E4B341B48AE87C89BA1BA2A7E BaseClass: NativeClass:/Script/Engine.DirectionalLight Name:DirectionalLight_0 Label:DirectionalLight SpatiallyLoaded:0 Bounds:IsValid=true, Min=(X=0.000 Y=0.000 Z=0.000), Max=(X=0.000 Y=0.000 Z=0.000) RuntimeGrid:None EditorOnly:0 RuntimeOnly:0 HLODRelevant:0 FolderPath:Lighting FolderGuid:963EC3EB4002CCE9759E2EBA541A873A
 |   |   |- Guid:47C81B304445BF699F89EF9E22078C53 BaseClass: NativeClass:/Script/Engine.StaticMeshActor Name:StaticMeshActor_0 Label:SM_Cube5 SpatiallyLoaded:1 Bounds:IsValid=true, Min=(X=-55.000 Y=-2320.000 Z=-200.000), Max=(X=45.000 Y=3630.000 Z=200.000) RuntimeGrid:None EditorOnly:0 RuntimeOnly:0 HLODRelevant:0 FolderPath:Playground FolderGuid:C73F09FC4215536B1DCE2A9E0A830C70
 |   |   |- Guid:4A1F89A742A793C7F25F7A812DB0620F BaseClass: NativeClass:/Script/Engine.StaticMeshActor Name:StaticMeshActor_UAID_50EBF6E66AEEC9DB01_1549522816 Label:Cube2 SpatiallyLoaded:1 Bounds:IsValid=true, Min=(X=1700.000 Y=900.000 Z=0.063), Max=(X=2500.000 Y=1000.000 Z=200.063) RuntimeGrid:None EditorOnly:0 RuntimeOnly:0 HLODRelevant:0
 |   |   |- Guid:539BD8A947E480F9263DAEA77D6D3541 BaseClass: NativeClass:/Script/Engine.StaticMeshActor Name:StaticMeshActor_6 Label:SM_Cube3 SpatiallyLoaded:1 Bounds:IsValid=true, Min=(X=-73.000 Y=3560.000 Z=-200.000), Max=(X=2927.000 Y=3660.000 Z=200.000) RuntimeGrid:None EditorOnly:0 RuntimeOnly:0 HLODRelevant:0 FolderPath:Playground FolderGuid:C73F09FC4215536B1DCE2A9E0A830C70
 |   |   |- Guid:559B51CC44511A393AA21987E79060C1 BaseClass: NativeClass:/Script/Engine.ExponentialHeightFog Name:ExponentialHeightFog_0 Label:ExponentialHeightFog SpatiallyLoaded:0 Bounds:IsValid=true, Min=(X=0.000 Y=0.000 Z=0.000), Max=(X=0.000 Y=0.000 Z=0.000) RuntimeGrid:None EditorOnly:0 RuntimeOnly:0 HLODRelevant:0 FolderPath:Lighting FolderGuid:963EC3EB4002CCE9759E2EBA541A873A
 |   |   |- Guid:64A104624496FFFA984651B816B5BE40 BaseClass: NativeClass:/Script/Engine.StaticMeshActor Name:StaticMeshActor_13 Label:SM_Cube9 SpatiallyLoaded:1 Bounds:IsValid=true, Min=(X=1500.000 Y=610.000 Z=-49.500), Max=(X=1700.000 Y=2210.000 Z=225.500) RuntimeGrid:None EditorOnly:0 RuntimeOnly:0 HLODRelevant:0 FolderPath:Block01 FolderGuid:7D23E5AE4C2A421F86AF6986D87E6D05
 |   |   |- Guid:64CAB1CF484A4E51AB68DB993917BB5D BaseClass: NativeClass:/Script/Engine.WorldDataLayers Name:WorldDataLayers Label:WorldDataLayers SpatiallyLoaded:0 Bounds:IsValid=true, Min=(X=0.000 Y=0.000 Z=0.000), Max=(X=0.000 Y=0.000 Z=0.000) RuntimeGrid:None EditorOnly:0 RuntimeOnly:0 HLODRelevant:0
 |   |   |- Guid:6664338847DDD9088B2C80922345683B BaseClass: NativeClass:/Script/Engine.TextRenderActor Name:TextRenderActor_1 Label:TextRenderActor SpatiallyLoaded:1 Bounds:IsValid=true, Min=(X=0.000 Y=0.000 Z=0.000), Max=(X=0.000 Y=0.000 Z=0.000) RuntimeGrid:None EditorOnly:0 RuntimeOnly:0 HLODRelevant:0
 |   |   |- Guid:67B652344C990F92D18A68BC0025610D BaseClass: NativeClass:/Script/Engine.StaticMeshActor Name:StaticMeshActor_16 Label:SM_Cube11 SpatiallyLoaded:1 Bounds:IsValid=true, Min=(X=330.000 Y=2700.000 Z=-24.937), Max=(X=630.000 Y=3000.000 Z=175.063) RuntimeGrid:None EditorOnly:0 RuntimeOnly:0 HLODRelevant:0 FolderPath:Block03 FolderGuid:7B7009C345D3D6DD94D3429E1D79C034
 |   |   |- Guid:6F8CF1CA48B69F4700D78796CA41EED4 BaseClass: NativeClass:/Script/Engine.StaticMeshActor Name:StaticMeshActor_UAID_50EBF6E66AEEC9DB01_1373020812 Label:SM_Cube6 SpatiallyLoaded:1 Bounds:IsValid=true, Min=(X=2825.000 Y=-2320.000 Z=-200.000), Max=(X=2925.000 Y=3630.000 Z=200.000) RuntimeGrid:None EditorOnly:0 RuntimeOnly:0 HLODRelevant:0 FolderPath:Playground FolderGuid:C73F09FC4215536B1DCE2A9E0A830C70
 |   |   |- Guid:70CE541C411622EA62E26CAFDDD6A98D BaseClass: NativeClass:/Script/Engine.VolumetricCloud Name:VolumetricCloud_0 Label:VolumetricCloud SpatiallyLoaded:0 Bounds:IsValid=true, Min=(X=0.000 Y=0.000 Z=0.000), Max=(X=0.000 Y=0.000 Z=0.000) RuntimeGrid:None EditorOnly:0 RuntimeOnly:0 HLODRelevant:0 FolderPath:Lighting FolderGuid:963EC3EB4002CCE9759E2EBA541A873A
 |   |   |- Guid:70EC4ED7443C2C5E04681A832E6ACD20 BaseClass:/Game/P01_Content/AI/BP/V2-SmartAI/RAIS-Template/AI-Characters/AI/BP-PatrolRoute.BP-PatrolRoute_C NativeClass:/Script/Engine.Actor Name:BP-PatrolRoute_C_UAID_D8BBC1D78D3062DC01_1228611733 Label:BP-PatrolRoute2 SpatiallyLoaded:1 Bounds:IsValid=true, Min=(X=1000.000 Y=1710.000 Z=225.438), Max=(X=1600.000 Y=1710.000 Z=225.438) RuntimeGrid:None EditorOnly:0 RuntimeOnly:0 HLODRelevant:0
 |   |   |- Guid:855732B3421CC2998CBB7EB53CEBC22D BaseClass: NativeClass:/Script/Engine.SkyAtmosphere Name:SkyAtmosphere_0 Label:SkyAtmosphere SpatiallyLoaded:0 Bounds:IsValid=true, Min=(X=0.000 Y=0.000 Z=0.000), Max=(X=0.000 Y=0.000 Z=0.000) RuntimeGrid:None EditorOnly:0 RuntimeOnly:0 HLODRelevant:0 FolderPath:Lighting FolderGuid:963EC3EB4002CCE9759E2EBA541A873A
 |   |   |- Guid:90B7E6A3499CC9A6B39D7195F744E850 BaseClass: NativeClass:/Script/Engine.StaticMeshActor Name:StaticMeshActor_UAID_A4AE111137DC5EFB00_1110535423 Label:SM_SkySphere SpatiallyLoaded:0 Bounds:IsValid=true, Min=(X=0.000 Y=0.000 Z=0.000), Max=(X=0.000 Y=0.000 Z=0.000) RuntimeGrid:None EditorOnly:0 RuntimeOnly:0 HLODRelevant:0 FolderPath:Lighting FolderGuid:963EC3EB4002CCE9759E2EBA541A873A
 |   |   |- Guid:9F9D327744ACA6211E1ADDB197E056BB BaseClass: NativeClass:/Script/Engine.StaticMeshActor Name:StaticMeshActor_UAID_50EBF6E66AEEC9DB01_1363420811 Label:SM_Cube7 SpatiallyLoaded:1 Bounds:IsValid=true, Min=(X=-73.000 Y=-2340.000 Z=-200.000), Max=(X=2927.000 Y=-2240.000 Z=200.000) RuntimeGrid:None EditorOnly:0 RuntimeOnly:0 HLODRelevant:0 FolderPath:Playground FolderGuid:C73F09FC4215536B1DCE2A9E0A830C70
 |   |   |- Guid:A06ACA604BF4E7CA5A3F98AB28C55DF7 BaseClass: NativeClass:/Script/Engine.StaticMeshActor Name:StaticMeshActor_8 Label:SM_Cube4 SpatiallyLoaded:1 Bounds:IsValid=true, Min=(X=900.000 Y=1450.000 Z=-125.000), Max=(X=1500.000 Y=1950.000 Z=225.000) RuntimeGrid:None EditorOnly:0 RuntimeOnly:0 HLODRelevant:0 FolderPath:Block01 FolderGuid:7D23E5AE4C2A421F86AF6986D87E6D05
 |   |   |- Guid:A3087C5F470E0460A4D5FC8E45C5BADD BaseClass:/Game/P01_Content/AI/BP/V2-SmartAI/RAIS-Template/AI-Characters/AI/BP-PatrolRoute.BP-PatrolRoute_C NativeClass:/Script/Engine.Actor Name:BP-PatrolRoute_C_UAID_D8BBC1D78D3062DC01_1181224731 Label:BP-PatrolRoute3 SpatiallyLoaded:1 Bounds:IsValid=true, Min=(X=770.000 Y=-1910.000 Z=-20.000), Max=(X=2320.000 Y=-120.000 Z=-20.000) RuntimeGrid:None EditorOnly:0 RuntimeOnly:0 HLODRelevant:0
 |   |   |- Guid:B1DC664C4E885CA18C61B5AAEF01CF8E BaseClass:/Game/P01_Content/AI/BP/V2-SmartAI/RAIS-Template/AI-Characters/MeleeEnemy/BP-Enemy-Melee.BP-Enemy-Melee_C NativeClass:/Script/Engine.Character Name:BP-Enemy-Melee_C_UAID_50EBF6E66AEEC9DB01_1244948809 Label:BP-Enemy-Melee SpatiallyLoaded:1 Bounds:IsValid=true, Min=(X=1115.000 Y=1595.000 Z=224.033), Max=(X=1185.000 Y=1665.000 Z=430.438) RuntimeGrid:None EditorOnly:0 RuntimeOnly:0 HLODRelevant:0
 |   |   |- Guid:B91B2B314CD1DE5D8362CB9DC778882E BaseClass:/Game/P01_Content/AI/BP/V2-SmartAI/RAIS-Template/AI-Characters/AI/BP-PatrolRoute.BP-PatrolRoute_C NativeClass:/Script/Engine.Actor Name:BP-PatrolRoute_C_UAID_D8BBC1D78D3042CA01_1936786087 Label:BP-PatrolRoute SpatiallyLoaded:1 Bounds:IsValid=true, Min=(X=754.495 Y=2361.742 Z=-0.000), Max=(X=2648.035 Y=3376.645 Z=-0.000) RuntimeGrid:None EditorOnly:0 RuntimeOnly:0 HLODRelevant:0
 |   |   |- Guid:B92DBB7148C8AE266B992F9A4FC006C7 BaseClass: NativeClass:/Script/NavigationSystem.NavMeshBoundsVolume Name:NavMeshBoundsVolume_UAID_D8BBC1D78D30CDBA01_1848345656 Label:NavMeshBoundsVolume SpatiallyLoaded:0 Bounds:IsValid=true, Min=(X=9.422 Y=-2255.730 Z=-428.155), Max=(X=2859.422 Y=3594.270 Z=621.845) RuntimeGrid:None EditorOnly:0 RuntimeOnly:0 HLODRelevant:0
 |   |   |- Guid:C4B6164847BFCDF007D938B45A1962A8 BaseClass: NativeClass:/Script/Engine.StaticMeshActor Name:StaticMeshActor_12 Label:SM_Cube8 SpatiallyLoaded:1 Bounds:IsValid=true, Min=(X=1090.000 Y=2700.000 Z=-150.000), Max=(X=2290.000 Y=3000.000 Z=150.000) RuntimeGrid:None EditorOnly:0 RuntimeOnly:0 HLODRelevant:0 FolderPath:Block02 FolderGuid:EBA23F8248252949750E43911A3A1CDD
 |   |   |- Guid:D54236524AC46D035C1B15A5AF35AC59 BaseClass:/Game/P01_Content/AI/BP/V2-SmartAI/RAIS-Template/AI-Characters/AI/EQS/EQS-TestingPawn.EQS-TestingPawn_C NativeClass:/Script/AIModule.EQSTestingPawn Name:EQS-TestingPawn_C_UAID_D8BBC1D78D3043BE01_1504752591 Label:EQS-TestingPawn SpatiallyLoaded:1 Bounds:IsValid=true, Min=(X=-322.790 Y=372.421 Z=0.063), Max=(X=-254.790 Y=440.421 Z=176.063) RuntimeGrid:None EditorOnly:0 RuntimeOnly:0 HLODRelevant:0
 |   |   |- Guid:D5B1018549799736F4894EA388D29058 BaseClass: NativeClass:/Script/Engine.PlayerStart Name:PlayerStart_0 Label:PlayerStart SpatiallyLoaded:0 Bounds:IsValid=true, Min=(X=2040.000 Y=635.000 Z=0.013), Max=(X=2120.000 Y=715.000 Z=184.013) RuntimeGrid:None EditorOnly:0 RuntimeOnly:0 HLODRelevant:0
 |   |   |- Guid:D5E51F034963581E7D9913828370BE91 BaseClass: NativeClass:/Script/Engine.SkyLight Name:SkyLight_1 Label:SkyLight SpatiallyLoaded:0 Bounds:IsValid=true, Min=(X=0.000 Y=0.000 Z=0.000), Max=(X=0.000 Y=0.000 Z=0.000) RuntimeGrid:None EditorOnly:0 RuntimeOnly:0 HLODRelevant:0 FolderPath:Lighting FolderGuid:963EC3EB4002CCE9759E2EBA541A873A
 |   |   |- Guid:D6A5BEA247F337581BF65FBE5D246A85 BaseClass: NativeClass:/Script/NavigationSystem.RecastNavMesh Name:RecastNavMesh_UAID_D8BBC1D78D30CDBA01-Default Label:RecastNavMesh-Default SpatiallyLoaded:0 Bounds:IsValid=true, Min=(X=0.000 Y=0.000 Z=0.000), Max=(X=0.000 Y=0.000 Z=0.000) RuntimeGrid:None EditorOnly:0 RuntimeOnly:0 HLODRelevant:0
 |   |- [+] Clusters:
 |   |   |- [+] [  0]
 |   |   |   |- Guid:A06ACA604BF4E7CA5A3F98AB28C55DF7 BaseClass: NativeClass:/Script/Engine.StaticMeshActor Name:StaticMeshActor_8 Label:SM_Cube4 SpatiallyLoaded:1 Bounds:IsValid=true, Min=(X=900.000 Y=1450.000 Z=-125.000), Max=(X=1500.000 Y=1950.000 Z=225.000) RuntimeGrid:None EditorOnly:0 RuntimeOnly:0 HLODRelevant:0 FolderPath:Block01 FolderGuid:7D23E5AE4C2A421F86AF6986D87E6D05
 |   |   |- [+] [  1]
 |   |   |   |- Guid:3A85B08C4D6EAA97662A739C63B33977 BaseClass: NativeClass:/Script/Engine.StaticMeshActor Name:StaticMeshActor_1 Label:SM_Cube SpatiallyLoaded:1 Bounds:IsValid=true, Min=(X=-835.500 Y=-2809.000 Z=-75.000), Max=(X=3689.500 Y=4041.000 Z=-25.000) RuntimeGrid:None EditorOnly:0 RuntimeOnly:0 HLODRelevant:0 FolderPath:Playground FolderGuid:C73F09FC4215536B1DCE2A9E0A830C70
 |   |   |- [+] [  2]
 |   |   |   |- Guid:64CAB1CF484A4E51AB68DB993917BB5D BaseClass: NativeClass:/Script/Engine.WorldDataLayers Name:WorldDataLayers Label:WorldDataLayers SpatiallyLoaded:0 Bounds:IsValid=true, Min=(X=0.000 Y=0.000 Z=0.000), Max=(X=0.000 Y=0.000 Z=0.000) RuntimeGrid:None EditorOnly:0 RuntimeOnly:0 HLODRelevant:0
 |   |   |- [+] [  3]
 |   |   |   |- Guid:6F8CF1CA48B69F4700D78796CA41EED4 BaseClass: NativeClass:/Script/Engine.StaticMeshActor Name:StaticMeshActor_UAID_50EBF6E66AEEC9DB01_1373020812 Label:SM_Cube6 SpatiallyLoaded:1 Bounds:IsValid=true, Min=(X=2825.000 Y=-2320.000 Z=-200.000), Max=(X=2925.000 Y=3630.000 Z=200.000) RuntimeGrid:None EditorOnly:0 RuntimeOnly:0 HLODRelevant:0 FolderPath:Playground FolderGuid:C73F09FC4215536B1DCE2A9E0A830C70
 |   |   |- [+] [  4]
 |   |   |   |- Guid:559B51CC44511A393AA21987E79060C1 BaseClass: NativeClass:/Script/Engine.ExponentialHeightFog Name:ExponentialHeightFog_0 Label:ExponentialHeightFog SpatiallyLoaded:0 Bounds:IsValid=true, Min=(X=0.000 Y=0.000 Z=0.000), Max=(X=0.000 Y=0.000 Z=0.000) RuntimeGrid:None EditorOnly:0 RuntimeOnly:0 HLODRelevant:0 FolderPath:Lighting FolderGuid:963EC3EB4002CCE9759E2EBA541A873A
 |   |   |- [+] [  5]
 |   |   |   |- Guid:C4B6164847BFCDF007D938B45A1962A8 BaseClass: NativeClass:/Script/Engine.StaticMeshActor Name:StaticMeshActor_12 Label:SM_Cube8 SpatiallyLoaded:1 Bounds:IsValid=true, Min=(X=1090.000 Y=2700.000 Z=-150.000), Max=(X=2290.000 Y=3000.000 Z=150.000) RuntimeGrid:None EditorOnly:0 RuntimeOnly:0 HLODRelevant:0 FolderPath:Block02 FolderGuid:EBA23F8248252949750E43911A3A1CDD
 |   |   |- [+] [  6]
 |   |   |   |- Guid:1F06EED34562F4BDEF39998098ABD3E4 BaseClass: NativeClass:/Script/Engine.StaticMeshActor Name:StaticMeshActor_5 Label:SM_Cube2 SpatiallyLoaded:1 Bounds:IsValid=true, Min=(X=438.000 Y=254.000 Z=-200.000), Max=(X=2938.000 Y=354.000 Z=200.000) RuntimeGrid:None EditorOnly:0 RuntimeOnly:0 HLODRelevant:0 FolderPath:Playground FolderGuid:C73F09FC4215536B1DCE2A9E0A830C70
 |   |   |- [+] [  7]
 |   |   |   |- Guid:D5E51F034963581E7D9913828370BE91 BaseClass: NativeClass:/Script/Engine.SkyLight Name:SkyLight_1 Label:SkyLight SpatiallyLoaded:0 Bounds:IsValid=true, Min=(X=0.000 Y=0.000 Z=0.000), Max=(X=0.000 Y=0.000 Z=0.000) RuntimeGrid:None EditorOnly:0 RuntimeOnly:0 HLODRelevant:0 FolderPath:Lighting FolderGuid:963EC3EB4002CCE9759E2EBA541A873A
 |   |   |- [+] [  8]
 |   |   |   |- Guid:64A104624496FFFA984651B816B5BE40 BaseClass: NativeClass:/Script/Engine.StaticMeshActor Name:StaticMeshActor_13 Label:SM_Cube9 SpatiallyLoaded:1 Bounds:IsValid=true, Min=(X=1500.000 Y=610.000 Z=-49.500), Max=(X=1700.000 Y=2210.000 Z=225.500) RuntimeGrid:None EditorOnly:0 RuntimeOnly:0 HLODRelevant:0 FolderPath:Block01 FolderGuid:7D23E5AE4C2A421F86AF6986D87E6D05
 |   |   |- [+] [  9]
 |   |   |   |- Guid:03DF6C154DA0BB7407368F9BABE8A569 BaseClass: NativeClass:/Script/Engine.StaticMeshActor Name:StaticMeshActor_9 Label:SM_Ramp2 SpatiallyLoaded:1 Bounds:IsValid=true, Min=(X=900.000 Y=1250.000 Z=0.000), Max=(X=1500.000 Y=1450.000 Z=225.000) RuntimeGrid:None EditorOnly:0 RuntimeOnly:0 HLODRelevant:0 FolderPath:Block01 FolderGuid:7D23E5AE4C2A421F86AF6986D87E6D05
 |   |   |- [+] [ 10]
 |   |   |   |- Guid:132B30AC486099ADDBAFB5819A0BC45F BaseClass:/Game/P01_Content/AI/BP/V2-SmartAI/RAIS-Template/AI-Characters/MageEnemy/BP-Enemy-Mage.BP-Enemy-Mage_C NativeClass:/Script/Engine.Character Name:BP-Enemy-Mage_C_UAID_50EBF6E66AEEC9DB01_1447416813 Label:BP-Enemy-Mage SpatiallyLoaded:1 Bounds:IsValid=true, Min=(X=465.000 Y=-1142.442 Z=-21.450), Max=(X=535.000 Y=-1047.358 Z=185.000) RuntimeGrid:None EditorOnly:0 RuntimeOnly:0 HLODRelevant:0
 |   |   |   |- Guid:A3087C5F470E0460A4D5FC8E45C5BADD BaseClass:/Game/P01_Content/AI/BP/V2-SmartAI/RAIS-Template/AI-Characters/AI/BP-PatrolRoute.BP-PatrolRoute_C NativeClass:/Script/Engine.Actor Name:BP-PatrolRoute_C_UAID_D8BBC1D78D3062DC01_1181224731 Label:BP-PatrolRoute3 SpatiallyLoaded:1 Bounds:IsValid=true, Min=(X=770.000 Y=-1910.000 Z=-20.000), Max=(X=2320.000 Y=-120.000 Z=-20.000) RuntimeGrid:None EditorOnly:0 RuntimeOnly:0 HLODRelevant:0
 |   |   |- [+] [ 11]
 |   |   |   |- Guid:D6A5BEA247F337581BF65FBE5D246A85 BaseClass: NativeClass:/Script/NavigationSystem.RecastNavMesh Name:RecastNavMesh_UAID_D8BBC1D78D30CDBA01-Default Label:RecastNavMesh-Default SpatiallyLoaded:0 Bounds:IsValid=true, Min=(X=0.000 Y=0.000 Z=0.000), Max=(X=0.000 Y=0.000 Z=0.000) RuntimeGrid:None EditorOnly:0 RuntimeOnly:0 HLODRelevant:0
 |   |   |- [+] [ 12]
 |   |   |   |- Guid:180DFD1F470B51A71F8A7F8F58D9A2E1 BaseClass: NativeClass:/Script/Engine.PostProcessVolume Name:PostProcessVolume_0 Label:PostProcessVolume SpatiallyLoaded:0 Bounds:IsValid=true, Min=(X=0.000 Y=0.000 Z=0.000), Max=(X=0.000 Y=0.000 Z=0.000) RuntimeGrid:None EditorOnly:0 RuntimeOnly:0 HLODRelevant:0 FolderPath:Lighting FolderGuid:963EC3EB4002CCE9759E2EBA541A873A
 |   |   |- [+] [ 13]
 |   |   |   |- Guid:4A1F89A742A793C7F25F7A812DB0620F BaseClass: NativeClass:/Script/Engine.StaticMeshActor Name:StaticMeshActor_UAID_50EBF6E66AEEC9DB01_1549522816 Label:Cube2 SpatiallyLoaded:1 Bounds:IsValid=true, Min=(X=1700.000 Y=900.000 Z=0.063), Max=(X=2500.000 Y=1000.000 Z=200.063) RuntimeGrid:None EditorOnly:0 RuntimeOnly:0 HLODRelevant:0
 |   |   |- [+] [ 14]
 |   |   |   |- Guid:D5B1018549799736F4894EA388D29058 BaseClass: NativeClass:/Script/Engine.PlayerStart Name:PlayerStart_0 Label:PlayerStart SpatiallyLoaded:0 Bounds:IsValid=true, Min=(X=2040.000 Y=635.000 Z=0.013), Max=(X=2120.000 Y=715.000 Z=184.013) RuntimeGrid:None EditorOnly:0 RuntimeOnly:0 HLODRelevant:0
 |   |   |- [+] [ 15]
 |   |   |   |- Guid:70CE541C411622EA62E26CAFDDD6A98D BaseClass: NativeClass:/Script/Engine.VolumetricCloud Name:VolumetricCloud_0 Label:VolumetricCloud SpatiallyLoaded:0 Bounds:IsValid=true, Min=(X=0.000 Y=0.000 Z=0.000), Max=(X=0.000 Y=0.000 Z=0.000) RuntimeGrid:None EditorOnly:0 RuntimeOnly:0 HLODRelevant:0 FolderPath:Lighting FolderGuid:963EC3EB4002CCE9759E2EBA541A873A
 |   |   |- [+] [ 16]
 |   |   |   |- Guid:0A19FE3C4DF837CCEACEBC8C7CA04A6C BaseClass:/Game/P01_Content/AI/BP/V2-SmartAI/RAIS-Template/AI-Characters/RangedEnemy/BP-Enemy-Ranged.BP-Enemy-Ranged_C NativeClass:/Script/Engine.Character Name:BP-Enemy-Ranged_C_UAID_50EBF6E66AEEC9DB01_1272668810 Label:BP-Enemy-Ranged SpatiallyLoaded:1 Bounds:IsValid=true, Min=(X=688.947 Y=1304.599 Z=-20.000), Max=(X=765.000 Y=1420.278 Z=185.000) RuntimeGrid:None EditorOnly:0 RuntimeOnly:0 HLODRelevant:0
 |   |   |   |- Guid:B91B2B314CD1DE5D8362CB9DC778882E BaseClass:/Game/P01_Content/AI/BP/V2-SmartAI/RAIS-Template/AI-Characters/AI/BP-PatrolRoute.BP-PatrolRoute_C NativeClass:/Script/Engine.Actor Name:BP-PatrolRoute_C_UAID_D8BBC1D78D3042CA01_1936786087 Label:BP-PatrolRoute SpatiallyLoaded:1 Bounds:IsValid=true, Min=(X=754.495 Y=2361.742 Z=-0.000), Max=(X=2648.035 Y=3376.645 Z=-0.000) RuntimeGrid:None EditorOnly:0 RuntimeOnly:0 HLODRelevant:0
 |   |   |- [+] [ 17]
 |   |   |   |- Guid:47C81B304445BF699F89EF9E22078C53 BaseClass: NativeClass:/Script/Engine.StaticMeshActor Name:StaticMeshActor_0 Label:SM_Cube5 SpatiallyLoaded:1 Bounds:IsValid=true, Min=(X=-55.000 Y=-2320.000 Z=-200.000), Max=(X=45.000 Y=3630.000 Z=200.000) RuntimeGrid:None EditorOnly:0 RuntimeOnly:0 HLODRelevant:0 FolderPath:Playground FolderGuid:C73F09FC4215536B1DCE2A9E0A830C70
 |   |   |- [+] [ 18]
 |   |   |   |- Guid:855732B3421CC2998CBB7EB53CEBC22D BaseClass: NativeClass:/Script/Engine.SkyAtmosphere Name:SkyAtmosphere_0 Label:SkyAtmosphere SpatiallyLoaded:0 Bounds:IsValid=true, Min=(X=0.000 Y=0.000 Z=0.000), Max=(X=0.000 Y=0.000 Z=0.000) RuntimeGrid:None EditorOnly:0 RuntimeOnly:0 HLODRelevant:0 FolderPath:Lighting FolderGuid:963EC3EB4002CCE9759E2EBA541A873A
 |   |   |- [+] [ 19]
 |   |   |   |- Guid:539BD8A947E480F9263DAEA77D6D3541 BaseClass: NativeClass:/Script/Engine.StaticMeshActor Name:StaticMeshActor_6 Label:SM_Cube3 SpatiallyLoaded:1 Bounds:IsValid=true, Min=(X=-73.000 Y=3560.000 Z=-200.000), Max=(X=2927.000 Y=3660.000 Z=200.000) RuntimeGrid:None EditorOnly:0 RuntimeOnly:0 HLODRelevant:0 FolderPath:Playground FolderGuid:C73F09FC4215536B1DCE2A9E0A830C70
 |   |   |- [+] [ 20]
 |   |   |   |- Guid:3AF9814E4B341B48AE87C89BA1BA2A7E BaseClass: NativeClass:/Script/Engine.DirectionalLight Name:DirectionalLight_0 Label:DirectionalLight SpatiallyLoaded:0 Bounds:IsValid=true, Min=(X=0.000 Y=0.000 Z=0.000), Max=(X=0.000 Y=0.000 Z=0.000) RuntimeGrid:None EditorOnly:0 RuntimeOnly:0 HLODRelevant:0 FolderPath:Lighting FolderGuid:963EC3EB4002CCE9759E2EBA541A873A
 |   |   |- [+] [ 21]
 |   |   |   |- Guid:B92DBB7148C8AE266B992F9A4FC006C7 BaseClass: NativeClass:/Script/NavigationSystem.NavMeshBoundsVolume Name:NavMeshBoundsVolume_UAID_D8BBC1D78D30CDBA01_1848345656 Label:NavMeshBoundsVolume SpatiallyLoaded:0 Bounds:IsValid=true, Min=(X=9.422 Y=-2255.730 Z=-428.155), Max=(X=2859.422 Y=3594.270 Z=621.845) RuntimeGrid:None EditorOnly:0 RuntimeOnly:0 HLODRelevant:0
 |   |   |- [+] [ 22]
 |   |   |   |- Guid:67B652344C990F92D18A68BC0025610D BaseClass: NativeClass:/Script/Engine.StaticMeshActor Name:StaticMeshActor_16 Label:SM_Cube11 SpatiallyLoaded:1 Bounds:IsValid=true, Min=(X=330.000 Y=2700.000 Z=-24.937), Max=(X=630.000 Y=3000.000 Z=175.063) RuntimeGrid:None EditorOnly:0 RuntimeOnly:0 HLODRelevant:0 FolderPath:Block03 FolderGuid:7B7009C345D3D6DD94D3429E1D79C034
 |   |   |- [+] [ 23]
 |   |   |   |- Guid:D54236524AC46D035C1B15A5AF35AC59 BaseClass:/Game/P01_Content/AI/BP/V2-SmartAI/RAIS-Template/AI-Characters/AI/EQS/EQS-TestingPawn.EQS-TestingPawn_C NativeClass:/Script/AIModule.EQSTestingPawn Name:EQS-TestingPawn_C_UAID_D8BBC1D78D3043BE01_1504752591 Label:EQS-TestingPawn SpatiallyLoaded:1 Bounds:IsValid=true, Min=(X=-322.790 Y=372.421 Z=0.063), Max=(X=-254.790 Y=440.421 Z=176.063) RuntimeGrid:None EditorOnly:0 RuntimeOnly:0 HLODRelevant:0
 |   |   |- [+] [ 24]
 |   |   |   |- Guid:6664338847DDD9088B2C80922345683B BaseClass: NativeClass:/Script/Engine.TextRenderActor Name:TextRenderActor_1 Label:TextRenderActor SpatiallyLoaded:1 Bounds:IsValid=true, Min=(X=0.000 Y=0.000 Z=0.000), Max=(X=0.000 Y=0.000 Z=0.000) RuntimeGrid:None EditorOnly:0 RuntimeOnly:0 HLODRelevant:0
 |   |   |- [+] [ 25]
 |   |   |   |- Guid:90B7E6A3499CC9A6B39D7195F744E850 BaseClass: NativeClass:/Script/Engine.StaticMeshActor Name:StaticMeshActor_UAID_A4AE111137DC5EFB00_1110535423 Label:SM_SkySphere SpatiallyLoaded:0 Bounds:IsValid=true, Min=(X=0.000 Y=0.000 Z=0.000), Max=(X=0.000 Y=0.000 Z=0.000) RuntimeGrid:None EditorOnly:0 RuntimeOnly:0 HLODRelevant:0 FolderPath:Lighting FolderGuid:963EC3EB4002CCE9759E2EBA541A873A
 |   |   |- [+] [ 26]
 |   |   |   |- Guid:9F9D327744ACA6211E1ADDB197E056BB BaseClass: NativeClass:/Script/Engine.StaticMeshActor Name:StaticMeshActor_UAID_50EBF6E66AEEC9DB01_1363420811 Label:SM_Cube7 SpatiallyLoaded:1 Bounds:IsValid=true, Min=(X=-73.000 Y=-2340.000 Z=-200.000), Max=(X=2927.000 Y=-2240.000 Z=200.000) RuntimeGrid:None EditorOnly:0 RuntimeOnly:0 HLODRelevant:0 FolderPath:Playground FolderGuid:C73F09FC4215536B1DCE2A9E0A830C70
 |   |   |- [+] [ 27]
 |   |   |   |- Guid:B1DC664C4E885CA18C61B5AAEF01CF8E BaseClass:/Game/P01_Content/AI/BP/V2-SmartAI/RAIS-Template/AI-Characters/MeleeEnemy/BP-Enemy-Melee.BP-Enemy-Melee_C NativeClass:/Script/Engine.Character Name:BP-Enemy-Melee_C_UAID_50EBF6E66AEEC9DB01_1244948809 Label:BP-Enemy-Melee SpatiallyLoaded:1 Bounds:IsValid=true, Min=(X=1115.000 Y=1595.000 Z=224.033), Max=(X=1185.000 Y=1665.000 Z=430.438) RuntimeGrid:None EditorOnly:0 RuntimeOnly:0 HLODRelevant:0
 |   |   |   |- Guid:70EC4ED7443C2C5E04681A832E6ACD20 BaseClass:/Game/P01_Content/AI/BP/V2-SmartAI/RAIS-Template/AI-Characters/AI/BP-PatrolRoute.BP-PatrolRoute_C NativeClass:/Script/Engine.Actor Name:BP-PatrolRoute_C_UAID_D8BBC1D78D3062DC01_1228611733 Label:BP-PatrolRoute2 SpatiallyLoaded:1 Bounds:IsValid=true, Min=(X=1000.000 Y=1710.000 Z=225.438), Max=(X=1600.000 Y=1710.000 Z=225.438) RuntimeGrid:None EditorOnly:0 RuntimeOnly:0 HLODRelevant:0
 |- ContainerInstances:
 |- [+] MainContainer:
 |   |-        ID: 0x0000000000000000
 |   |-    Bounds: IsValid=false, Min=(X=0.000 Y=0.000 Z=0.000), Max=(X=0.000 Y=0.000 Z=0.000)
 |   |- Transform: 0.000000,0.000000,0.000000|0.000000,0.000000,-0.000000|1.000000,1.000000,1.000000
 |   |- Container: /Game/P01_Content/AI/BP/V2-SmartAI/ThirdPersonTemplate/Maps/ThirdPersonMap
----------------------------------------------------------------------------------------------------------------
ThirdPersonMap - Persistent Level
----------------------------------------------------------------------------------------------------------------
Always loaded Actor Count: 38 

----------------------------------------------------------------------------------------------------------------
ThirdPersonMap - Runtime Spatial Hash - Streaming Grid - MainGrid
----------------------------------------------------------------------------------------------------------------
            Origin: X=0.000 Y=0.000 Z=0.000
         Cell Size: 12800
      World Bounds: IsValid=false, Min=(X=0.000 Y=0.000 Z=0.000), Max=(X=0.000 Y=0.000 Z=0.000)
     Loading Range: 25600.00
Block Slow Loading: No
 ClientOnlyVisible: No

[+] Grid Levels: 1
 |- Level  0: Cell Count    0 | Cell Size   12800 | Actor Count    0 (0.0%)

[+] Content of Grid Level 0

