Log file open, 09/15/17 01:28:25
LogWindows: LoadLibraryWithSearchPaths failed for file aqProf.dll. GetLastError=0
LogWindows: LoadLibraryWithSearchPaths failed for file VtuneApi.dll. GetLastError=0
LogWindows: LoadLibraryWithSearchPaths failed for file VtuneApi32e.dll. GetLastError=0
LogInit: Display: Running engine for game: ZeroG
LogPlatformFile: Not using cached read wrapper
LogInit: Display: RandInit(-602705970) SRandInit(-602705969).
LogTaskGraph: Started task graph with 5 named threads and 14 total threads with 3 sets of task threads.
LogStats: Stats thread started at 0.153524
LogD3D11RHI: Aftermath initialized
LogPluginManager: Mounting plugin Paper2D
LogPluginManager: Mounting plugin LightPropagationVolume
LogPluginManager: Mounting plugin CodeLiteSourceCodeAccess
LogPluginManager: Mounting plugin GitSourceControl
LogPluginManager: Mounting plugin KDevelopSourceCodeAccess
LogPluginManager: Mounting plugin NullSourceCodeAccess
LogPluginManager: Mounting plugin PerforceSourceControl
LogPluginManager: Mounting plugin SubversionSourceControl
LogPluginManager: Mounting plugin UObjectPlugin
LogPluginManager: Mounting plugin VisualStudioSourceCodeAccess
LogPluginManager: Mounting plugin XCodeSourceCodeAccess
LogPluginManager: Mounting plugin AssetManagerEditor
LogPluginManager: Mounting plugin AudioCapture
LogPluginManager: Mounting plugin FacialAnimation
LogPluginManager: Mounting plugin GameplayTagsEditor
LogPluginManager: Mounting plugin MobileLauncherProfileWizard
LogPluginManager: Mounting plugin PluginBrowser
LogPluginManager: Mounting plugin SpeedTreeImporter
LogPluginManager: Mounting plugin AlembicImporter
LogPluginManager: Mounting plugin CharacterAI
LogPluginManager: Mounting plugin HTML5Networking
LogPluginManager: Mounting plugin AndroidMedia
LogPluginManager: Mounting plugin AvfMedia
LogPluginManager: Mounting plugin MediaPlayerEditor
LogPluginManager: Mounting plugin WmfMedia
LogPluginManager: Mounting plugin TcpMessaging
LogPluginManager: Mounting plugin UdpMessaging
LogPluginManager: Mounting plugin LevelSequenceEditor
LogPluginManager: Mounting plugin MatineeToLevelSequence
LogPluginManager: Mounting plugin OnlineSubsystemGooglePlay
LogPluginManager: Mounting plugin OnlineSubsystemIOS
LogPluginManager: Mounting plugin OnlineSubsystem
LogPluginManager: Mounting plugin OnlineSubsystemNull
LogPluginManager: Mounting plugin OnlineSubsystemUtils
LogPluginManager: Mounting plugin AndroidDeviceProfileSelector
LogPluginManager: Mounting plugin AndroidMoviePlayer
LogPluginManager: Mounting plugin AndroidPermission
LogPluginManager: Mounting plugin AppleMoviePlayer
LogPluginManager: Mounting plugin ArchVisCharacter
LogPluginManager: Mounting plugin CableComponent
LogPluginManager: Mounting plugin CustomMeshComponent
LogPluginManager: Mounting plugin ExampleDeviceProfileSelector
LogPluginManager: Mounting plugin GoogleCloudMessaging
LogPluginManager: Mounting plugin ImmediatePhysics
LogPluginManager: Mounting plugin IOSDeviceProfileSelector
LogPluginManager: Mounting plugin LinuxDeviceProfileSelector
LogPluginManager: Mounting plugin LocationServicesBPLibrary
LogPluginManager: Mounting plugin MobilePatchingUtils
LogPluginManager: Mounting plugin OculusAudio
LogPluginManager: Mounting plugin OculusVR
LogPluginManager: Mounting plugin PhysXVehicles
LogPluginManager: Mounting plugin ProceduralMeshComponent
LogPluginManager: Mounting plugin RuntimePhysXCooking
LogPluginManager: Mounting plugin SteamVR
LogPluginManager: Mounting plugin WindowsMoviePlayer
LogInit: Using libcurl 7.47.1
LogInit:  - built for x86_64-pc-win32
LogInit:  - supports SSL with OpenSSL/1.0.2g
LogInit:  - supports HTTP deflate (compression) using libz 1.2.8
LogInit:  - other features:
LogInit:      CURL_VERSION_SSL
LogInit:      CURL_VERSION_LIBZ
LogInit:      CURL_VERSION_IPV6
LogInit:      CURL_VERSION_ASYNCHDNS
LogInit:      CURL_VERSION_LARGEFILE
LogInit:      CURL_VERSION_IDN
LogInit:  CurlRequestOptions (configurable via config and command line):
LogInit:  - bVerifyPeer = false  - Libcurl will NOT verify peer certificate
LogInit:  - bUseHttpProxy = false  - Libcurl will NOT use HTTP proxy
LogInit:  - bDontReuseConnections = false  - Libcurl will reuse connections
LogInit:  - CertBundlePath = nullptr  - Libcurl will use whatever was configured at build time.
LogInit: Build: ++UE4+Release-4.17-CL-3586342
LogInit: Engine Version: 4.17.1-3586342+++UE4+Release-4.17
LogInit: Compatible Engine Version: 4.17.0-3573198+++UE4+Release-4.17
LogInit: Net CL: 3573198
LogDevObjectVersion: Number of dev versions registered: 16
LogDevObjectVersion:   Dev-Blueprints (B0D832E4-1F89-4F0D-ACCF-7EB736FD4AA2): 10
LogDevObjectVersion:   Dev-Build (E1C64328-A22C-4D53-A36C-8E866417BD8C): 0
LogDevObjectVersion:   Dev-Core (375EC13C-06E4-48FB-B500-84F0262A717E): 2
LogDevObjectVersion:   Dev-Editor (E4B068ED-F494-42E9-A231-DA0B2E46BB41): 20
LogDevObjectVersion:   Dev-Framework (CFFC743F-43B0-4480-9391-14DF171D2073): 28
LogDevObjectVersion:   Dev-Mobile (B02B49B5-BB20-44E9-A304-32B752E40360): 0
LogDevObjectVersion:   Dev-Networking (A4E4105C-59A1-49B5-A7C5-40C4547EDFEE): 0
LogDevObjectVersion:   Dev-Online (39C831C9-5AE6-47DC-9A44-9C173E1C8E7C): 0
LogDevObjectVersion:   Dev-Physics (78F01B33-EBEA-4F98-B9B4-84EACCB95AA2): 0
LogDevObjectVersion:   Dev-Platform (6631380F-2D4D-43E0-8009-CF276956A95A): 0
LogDevObjectVersion:   Dev-Rendering (12F88B9F-8875-4AFC-A67C-D90C383ABD29): 19
LogDevObjectVersion:   Dev-Sequencer (7B5AE74C-D270-4C10-A958-57980B212A5A): 4
LogDevObjectVersion:   Dev-VR (D7296918-1DD6-4BDD-9DE2-64A83CC13884): 0
LogDevObjectVersion:   Dev-LoadTimes (C2A15278-BFE7-4AFE-6C17-90FF531DF755): 1
LogDevObjectVersion:   Private-Geometry (6EACA3D4-40EC-4CC1-B786-8BED09428FC5): 1
LogDevObjectVersion:   Dev-AnimPhys (29E575DD-E0A3-4627-9D10-D276232CDCEA): 7
LogInit: Compiled (64-bit): Aug 15 2017 02:05:26
LogInit: Compiled with Visual C++: 19.00.24215.01
LogInit: Build Configuration: Development
LogInit: Branch Name: ++UE4+Release-4.17
LogInit: Command line:  
LogInit: Base directory: E:/UnrealEngine4/UE_4.17/Engine/Binaries/Win64/
LogInit: Installed Engine Build: 1
LogInit: Presizing for max 8388607 objects, including 0 objects not considered by GC, pre-allocating 0 bytes for permanent pool.
LogInit: Object subsystem initialized
[2017.09.15-06.28.26:004][  0]LogInit: Selected Device Profile: [Windows]
[2017.09.15-06.28.26:005][  0]LogInit: Applying CVar settings loaded from the selected device profile: [Windows]
[2017.09.15-06.28.26:013][  0]LogInit: Computer: N-PC
[2017.09.15-06.28.26:013][  0]LogInit: User: nikor
[2017.09.15-06.28.26:013][  0]LogInit: CPU Page size=4096, Cores=4
[2017.09.15-06.28.26:013][  0]LogInit: High frequency timer resolution =3.906252 MHz
[2017.09.15-06.28.26:013][  0]LogMemory: Memory total: Physical=15.9GB (16GB approx)
[2017.09.15-06.28.26:013][  0]LogMemory: Platform Memory Stats for Windows
[2017.09.15-06.28.26:013][  0]LogMemory: Process Physical Memory: 284.91 MB used, 284.91 MB peak
[2017.09.15-06.28.26:013][  0]LogMemory: Process Virtual Memory: 285.73 MB used, 285.73 MB peak
[2017.09.15-06.28.26:013][  0]LogMemory: Physical Memory: 4974.54 MB used,  11269.67 MB free, 16244.21 MB total
[2017.09.15-06.28.26:013][  0]LogMemory: Virtual Memory: 710.60 MB used,  11269.67 MB free, 134217728.00 MB total
[2017.09.15-06.28.26:099][  0]LogInit: Using OS detected language (en-US).
[2017.09.15-06.28.26:099][  0]LogInit: Using OS detected locale (en-US).
[2017.09.15-06.28.26:101][  0]LogTextLocalizationManager: No specific localization for 'en-US' exists, so the 'en' localization will be used.
[2017.09.15-06.28.26:628][  0]LogD3D11RHI: D3D11 adapters:
[2017.09.15-06.28.26:653][  0]LogD3D11RHI:    0. 'NVIDIA GeForce GTX 970' (Feature Level 11_0)
[2017.09.15-06.28.26:653][  0]LogD3D11RHI:       4058/0/8122 MB DedicatedVideo/DedicatedSystem/SharedSystem, Outputs:1, VendorId:0x10de
[2017.09.15-06.28.26:658][  0]LogD3D11RHI:    1. 'Intel(R) HD Graphics 4600' (Feature Level 11_0)
[2017.09.15-06.28.26:658][  0]LogD3D11RHI:       112/0/2048 MB DedicatedVideo/DedicatedSystem/SharedSystem, Outputs:0, VendorId:0x8086
[2017.09.15-06.28.26:659][  0]LogD3D11RHI:    2. 'Microsoft Basic Render Driver' (Feature Level 11_0)
[2017.09.15-06.28.26:659][  0]LogD3D11RHI:       0/0/8122 MB DedicatedVideo/DedicatedSystem/SharedSystem, Outputs:0, VendorId:0x1414
[2017.09.15-06.28.26:659][  0]LogD3D11RHI: Chosen D3D11 Adapter: 0
[2017.09.15-06.28.26:663][  0]LogD3D11RHI: Creating new Direct3DDevice
[2017.09.15-06.28.26:663][  0]LogD3D11RHI:     GPU DeviceId: 0x13c2 (for the marketing name, search the web for "GPU Device Id")
[2017.09.15-06.28.26:663][  0]LogWindows: EnumDisplayDevices:
[2017.09.15-06.28.26:664][  0]LogWindows:    0. 'NVIDIA GeForce GTX 970' (P:1 D:1)
[2017.09.15-06.28.26:664][  0]LogWindows:    1. 'NVIDIA GeForce GTX 970' (P:0 D:0)
[2017.09.15-06.28.26:664][  0]LogWindows:    2. 'NVIDIA GeForce GTX 970' (P:0 D:0)
[2017.09.15-06.28.26:664][  0]LogWindows:    3. 'NVIDIA GeForce GTX 970' (P:0 D:0)
[2017.09.15-06.28.26:664][  0]LogWindows:    4. 'Intel(R) HD Graphics 4600' (P:0 D:0)
[2017.09.15-06.28.26:664][  0]LogWindows:    5. 'Intel(R) HD Graphics 4600' (P:0 D:0)
[2017.09.15-06.28.26:664][  0]LogWindows:    6. 'Intel(R) HD Graphics 4600' (P:0 D:0)
[2017.09.15-06.28.26:664][  0]LogWindows: DebugString: PrimaryIsNotTheChoosenAdapter PrimaryIsNotTheChoosenAdapter PrimaryIsNotTheChoosenAdapter FoundDriverCount:4 
[2017.09.15-06.28.26:664][  0]LogD3D11RHI:     Adapter Name: NVIDIA GeForce GTX 970
[2017.09.15-06.28.26:664][  0]LogD3D11RHI:   Driver Version: 385.41 (internal:22.21.13.8541, unified:385.41)
[2017.09.15-06.28.26:664][  0]LogD3D11RHI:      Driver Date: 8-21-2017
[2017.09.15-06.28.26:664][  0]LogRHI: Texture pool is 1361 MB (70% of 1945 MB)
[2017.09.15-06.28.26:687][  0]LogD3D11RHI: Async texture creation enabled
[2017.09.15-06.28.26:697][  0]LogD3D11RHI: GPU Timing Frequency: 1000.000000 (Debug: 2 1)
[2017.09.15-06.28.26:698][  0]LogShaderCompilers: Guid format shader working directory is -6 characters bigger than the processId version (C:/Users/nikor/Documents/Unreal Projects/ZeroG 4.17/Intermediate/Shaders/WorkingDirectory/10660/).
[2017.09.15-06.28.26:698][  0]LogShaderCompilers: Cleaned the shader compiler working directory 'C:/Users/nikor/AppData/Local/Temp/UnrealShaderWorkingDir/DE5F327A4F2E2CD0A5ECDC8C19A08CEF/'.
[2017.09.15-06.28.26:698][  0]LogShaderCompilers: Display: Using Local Shader Compiler.
[2017.09.15-06.28.27:385][  0]LogTemp: Display: Loaded TP AllDesktopTargetPlatform
[2017.09.15-06.28.27:416][  0]LogTemp: Display: Loaded TP MacClientTargetPlatform
[2017.09.15-06.28.27:447][  0]LogTemp: Display: Loaded TP MacNoEditorTargetPlatform
[2017.09.15-06.28.27:478][  0]LogTemp: Display: Loaded TP MacServerTargetPlatform
[2017.09.15-06.28.27:509][  0]LogTemp: Display: Loaded TP MacTargetPlatform
[2017.09.15-06.28.27:540][  0]LogTemp: Display: Loaded TP WindowsClientTargetPlatform
[2017.09.15-06.28.27:572][  0]LogTemp: Display: Loaded TP WindowsNoEditorTargetPlatform
[2017.09.15-06.28.27:603][  0]LogTemp: Display: Loaded TP WindowsServerTargetPlatform
[2017.09.15-06.28.27:628][  0]LogTemp: Display: Loaded TP WindowsTargetPlatform
[2017.09.15-06.28.27:658][  0]LogTemp: Display: Loaded TP AndroidTargetPlatform
[2017.09.15-06.28.27:689][  0]LogTemp: Display: Loaded TP Android_ASTCTargetPlatform
[2017.09.15-06.28.27:719][  0]LogTemp: Display: Loaded TP Android_ATCTargetPlatform
[2017.09.15-06.28.27:749][  0]LogTemp: Display: Loaded TP Android_DXTTargetPlatform
[2017.09.15-06.28.27:779][  0]LogTemp: Display: Loaded TP Android_ETC1TargetPlatform
[2017.09.15-06.28.27:810][  0]LogTemp: Display: Loaded TP Android_ETC2TargetPlatform
[2017.09.15-06.28.27:870][  0]LogTemp: Display: Loaded TP Android_MultiTargetPlatform
[2017.09.15-06.28.27:871][  0]LogTemp: Display: Loaded TP Android_PVRTCTargetPlatform
[2017.09.15-06.28.27:892][  0]LogTemp: Display: Loaded TP HTML5TargetPlatform
[2017.09.15-06.28.27:955][  0]LogTemp: Display: Loaded TP IOSTargetPlatform
[2017.09.15-06.28.27:974][  0]LogTemp: Display: Loaded TP TVOSTargetPlatform
[2017.09.15-06.28.28:004][  0]LogTemp: Display: Loaded TP LinuxClientTargetPlatform
[2017.09.15-06.28.28:034][  0]LogTemp: Display: Loaded TP LinuxNoEditorTargetPlatform
[2017.09.15-06.28.28:064][  0]LogTemp: Display: Loaded TP LinuxServerTargetPlatform
[2017.09.15-06.28.28:095][  0]LogTemp: Display: Loaded TP LinuxTargetPlatform
[2017.09.15-06.28.28:095][  0]LogTargetPlatformManager: Display: Building Assets For Windows
[2017.09.15-06.28.28:365][  0]LogDerivedDataCache: Display: Max Cache Size: 512 MB
[2017.09.15-06.28.28:454][  0]LogDerivedDataCache: Loaded boot cache 0.09s 96MB C:/Users/nikor/AppData/Local/UnrealEngine/4.17/DerivedDataCache/Boot.ddc.
[2017.09.15-06.28.28:454][  0]LogDerivedDataCache: Display: Loaded Boot cache: C:/Users/nikor/AppData/Local/UnrealEngine/4.17/DerivedDataCache/Boot.ddc
[2017.09.15-06.28.28:455][  0]LogDerivedDataCache: FDerivedDataBackendGraph:  Pak pak cache file C:/Users/nikor/Documents/Unreal Projects/ZeroG 4.17/DerivedDataCache/DDC.ddp not found, will not use a pak cache.
[2017.09.15-06.28.28:455][  0]LogDerivedDataCache: Unable to find inner node Pak for hierarchical cache Hierarchy.
[2017.09.15-06.28.28:455][  0]LogDerivedDataCache: FDerivedDataBackendGraph:  CompressedPak pak cache file C:/Users/nikor/Documents/Unreal Projects/ZeroG 4.17/DerivedDataCache/Compressed.ddp not found, will not use a pak cache.
[2017.09.15-06.28.28:455][  0]LogDerivedDataCache: Unable to find inner node CompressedPak for hierarchical cache Hierarchy.
[2017.09.15-06.28.28:468][  0]LogDerivedDataCache: Display: Pak cache opened for reading ../../../Engine/DerivedDataCache/Compressed.ddp.
[2017.09.15-06.28.28:480][  0]LogDerivedDataCache: Using Local data cache path C:/Users/nikor/AppData/Local/UnrealEngine/Common/DerivedDataCache: Writable
[2017.09.15-06.28.28:489][  0]LogMaterial: Verifying Global Shaders for PCD3D_SM5
[2017.09.15-06.28.28:490][  0]LogSlate: Using Freetype 2.6.0
[2017.09.15-06.28.28:490][  0]LogSlate: SlateFontCache - WITH_FREETYPE: 1, WITH_HARFBUZZ: 1
[2017.09.15-06.28.28:490][  0]LogSlate: SlateFontCache - WITH_FREETYPE: 1, WITH_HARFBUZZ: 1
[2017.09.15-06.28.28:696][  0]LogAssetRegistry: FAssetRegistry took 0.0256 seconds to start up
[2017.09.15-06.28.28:776][  0]LogInit: Selected Device Profile: [Windows]
[2017.09.15-06.28.29:002][  0]LogSimplygon: Simplygon DLL not present - disabling.
[2017.09.15-06.28.29:024][  0]LogMeshReduction: Using SimplygonSwarm for distributed automatic mesh merging
[2017.09.15-06.28.29:024][  0]LogMeshReduction: Using QuadricMeshReduction for automatic static mesh reduction
[2017.09.15-06.28.29:024][  0]LogMeshReduction: No automatic skeletal mesh reduction module available
[2017.09.15-06.28.29:024][  0]LogMeshReduction: No automatic mesh merging module available
[2017.09.15-06.28.29:024][  0]LogMeshMerging: No automatic mesh merging module available
[2017.09.15-06.28.29:025][  0]LogContentStreaming: Texture pool size is 0.00 MB
[2017.09.15-06.28.29:341][  0]LogNetVersion: ZeroG , NetCL: 3573198, EngineNetVer: 2, GameNetVer: 0 (Checksum: 1011419899)
[2017.09.15-06.28.29:483][  0]LogPackageLocalizationCache: Processed 5 localized package path(s) for 2 prioritized culture(s) in 0.034900 seconds
[2017.09.15-06.28.29:488][  0]LogUObjectArray: 35825 objects as part of root set at end of initial load.
[2017.09.15-06.28.29:488][  0]LogUObjectAllocator: 7529112 out of 0 bytes used by permanent object pool.
[2017.09.15-06.28.29:488][  0]LogUObjectArray: CloseDisregardForGC: 0/0 objects in disregard for GC pool
[2017.09.15-06.28.29:521][  0]LogInit: WinSock: version 1.1 (2.2), MaxSocks=32767, MaxUdp=65467
[2017.09.15-06.28.31:162][  0]LogTcpMessaging: Initializing TcpMessaging bridge
[2017.09.15-06.28.31:189][  0]LogUdpMessaging: Initializing bridge on interface 0.0.0.0:0 to multicast group 230.0.0.1:6666.
[2017.09.15-06.28.31:557][  0]LogMaterial: Missing cached shader map for material BaseColor, compiling. 
[2017.09.15-06.28.31:557][  0]LogMaterial: Warning: Failed to compile Material /Engine/BufferVisualization/BaseColor.BaseColor for platform PCD3D_SM5, Default Material will be used in game.
[2017.09.15-06.28.31:557][  0]LogMaterial: Warning: 	(Node SceneTexture) GBuffer scene textures not available with forward shading.
[2017.09.15-06.28.31:572][  0]LogMaterial: Uniform references updated for custom material expression Custom.
[2017.09.15-06.28.31:580][  0]LogMaterial: Missing cached shader map for material LightingModel, compiling. 
[2017.09.15-06.28.31:581][  0]LogMaterial: Warning: Failed to compile Material /Engine/BufferVisualization/LightingModel.LightingModel for platform PCD3D_SM5, Default Material will be used in game.
[2017.09.15-06.28.31:581][  0]LogMaterial: Warning: 	(Node SceneTexture) GBuffer scene textures not available with forward shading.
[2017.09.15-06.28.31:583][  0]LogMaterial: Missing cached shader map for material MaterialAO, compiling. 
[2017.09.15-06.28.31:583][  0]LogMaterial: Warning: Failed to compile Material /Engine/BufferVisualization/MaterialAO.MaterialAO for platform PCD3D_SM5, Default Material will be used in game.
[2017.09.15-06.28.31:583][  0]LogMaterial: Warning: 	(Node SceneTexture) GBuffer scene textures not available with forward shading.
[2017.09.15-06.28.31:585][  0]LogMaterial: Missing cached shader map for material Metallic, compiling. 
[2017.09.15-06.28.31:585][  0]LogMaterial: Warning: Failed to compile Material /Engine/BufferVisualization/Metallic.Metallic for platform PCD3D_SM5, Default Material will be used in game.
[2017.09.15-06.28.31:585][  0]LogMaterial: Warning: 	(Node SceneTexture) GBuffer scene textures not available with forward shading.
[2017.09.15-06.28.31:588][  0]LogMaterial: Missing cached shader map for material Opacity, compiling. 
[2017.09.15-06.28.31:588][  0]LogMaterial: Warning: Failed to compile Material /Engine/BufferVisualization/Opacity.Opacity for platform PCD3D_SM5, Default Material will be used in game.
[2017.09.15-06.28.31:588][  0]LogMaterial: Warning: 	(Node SceneTexture) GBuffer scene textures not available with forward shading.
[2017.09.15-06.28.31:590][  0]LogMaterial: Missing cached shader map for material Roughness, compiling. 
[2017.09.15-06.28.31:590][  0]LogMaterial: Warning: Failed to compile Material /Engine/BufferVisualization/Roughness.Roughness for platform PCD3D_SM5, Default Material will be used in game.
[2017.09.15-06.28.31:590][  0]LogMaterial: Warning: 	(Node SceneTexture) GBuffer scene textures not available with forward shading.
[2017.09.15-06.28.31:604][  0]LogMaterial: Missing cached shader map for material Specular, compiling. 
[2017.09.15-06.28.31:604][  0]LogMaterial: Warning: Failed to compile Material /Engine/BufferVisualization/Specular.Specular for platform PCD3D_SM5, Default Material will be used in game.
[2017.09.15-06.28.31:604][  0]LogMaterial: Warning: 	(Node SceneTexture) GBuffer scene textures not available with forward shading.
[2017.09.15-06.28.31:606][  0]LogMaterial: Missing cached shader map for material SubsurfaceColor, compiling. 
[2017.09.15-06.28.31:606][  0]LogMaterial: Warning: Failed to compile Material /Engine/BufferVisualization/SubsurfaceColor.SubsurfaceColor for platform PCD3D_SM5, Default Material will be used in game.
[2017.09.15-06.28.31:606][  0]LogMaterial: Warning: 	(Node SceneTexture) GBuffer scene textures not available with forward shading.
[2017.09.15-06.28.31:608][  0]LogMaterial: Missing cached shader map for material WorldNormal, compiling. 
[2017.09.15-06.28.31:608][  0]LogMaterial: Warning: Failed to compile Material /Engine/BufferVisualization/WorldNormal.WorldNormal for platform PCD3D_SM5, Default Material will be used in game.
[2017.09.15-06.28.31:608][  0]LogMaterial: Warning: 	(Node SceneTexture) GBuffer scene textures not available with forward shading.
[2017.09.15-06.28.31:810][  0]SourceControl: Source control is disabled
[2017.09.15-06.28.31:810][  0]SourceControl: Source control is disabled
[2017.09.15-06.28.31:837][  0]SourceControl: Source control is disabled
[2017.09.15-06.28.31:864][  0]SourceControl: Source control is disabled
[2017.09.15-06.28.32:186][  0]LogAndroidPermission: UAndroidPermissionCallbackProxy::GetInstance
[2017.09.15-06.28.32:324][  0]LogOcInput: OculusInput pre-init called
[2017.09.15-06.28.32:479][  0]LogEngine: Initializing Engine...
[2017.09.15-06.28.32:480][  0]LogHMD: Oculus plugin initialized. Version: 4.17.1-3586342+++UE4+Release-4.17, OVRPlugin: 1.15.0
[2017.09.15-06.28.32:658][  0]LogStats: UGameplayTagsManager::ConstructGameplayTagTree: Construct from data asset -  0.000 s
[2017.09.15-06.28.32:658][  0]LogStats: UGameplayTagsManager::ConstructGameplayTagTree: GameplayTagTreeChangedEvent.Broadcast -  0.000 s
[2017.09.15-06.28.32:728][  0]LogAIModule: Creating AISystem for world Untitled
[2017.09.15-06.28.32:738][  0]LogInit: XAudio2 using 'Speakers (Realtek High Definition Audio)' : 2 channels at 44.1 kHz using 32 bits per sample (channel mask 0x3)
[2017.09.15-06.28.32:768][  0]LogInit: FAudioDevice initialized.
[2017.09.15-06.28.32:855][  0]LogDerivedDataCache: Saved boot cache 0.09s 96MB C:/Users/nikor/AppData/Local/UnrealEngine/4.17/DerivedDataCache/Boot.ddc.
[2017.09.15-06.28.32:867][  0]LogInit: Texture streaming: Enabled
[2017.09.15-06.28.32:930][  0]LogEngineSessionManager: EngineSessionManager initialized
[2017.09.15-06.28.33:048][  0]LogInit: Transaction tracking system initialized
[2017.09.15-06.28.33:216][  0]BlueprintLog: New page: Editor Load
[2017.09.15-06.28.33:699][  0]LocalizationService: Localization service is disabled
[2017.09.15-06.28.34:164][  0]LogMaterial: Missing cached shader map for material BaseColor, compiling. 
[2017.09.15-06.28.34:164][  0]LogMaterial: Warning: Failed to compile Material /Engine/BufferVisualization/BaseColor.BaseColor for platform PCD3D_SM5, Default Material will be used in game.
[2017.09.15-06.28.34:164][  0]LogMaterial: Warning: 	(Node SceneTexture) GBuffer scene textures not available with forward shading.
[2017.09.15-06.28.34:171][  0]LogMaterial: Missing cached shader map for material LightingModel, compiling. 
[2017.09.15-06.28.34:172][  0]LogMaterial: Warning: Failed to compile Material /Engine/BufferVisualization/LightingModel.LightingModel for platform PCD3D_SM5, Default Material will be used in game.
[2017.09.15-06.28.34:172][  0]LogMaterial: Warning: 	(Node SceneTexture) GBuffer scene textures not available with forward shading.
[2017.09.15-06.28.34:172][  0]LogMaterial: Missing cached shader map for material MaterialAO, compiling. 
[2017.09.15-06.28.34:173][  0]LogMaterial: Warning: Failed to compile Material /Engine/BufferVisualization/MaterialAO.MaterialAO for platform PCD3D_SM5, Default Material will be used in game.
[2017.09.15-06.28.34:173][  0]LogMaterial: Warning: 	(Node SceneTexture) GBuffer scene textures not available with forward shading.
[2017.09.15-06.28.34:174][  0]LogMaterial: Missing cached shader map for material Metallic, compiling. 
[2017.09.15-06.28.34:174][  0]LogMaterial: Warning: Failed to compile Material /Engine/BufferVisualization/Metallic.Metallic for platform PCD3D_SM5, Default Material will be used in game.
[2017.09.15-06.28.34:174][  0]LogMaterial: Warning: 	(Node SceneTexture) GBuffer scene textures not available with forward shading.
[2017.09.15-06.28.34:175][  0]LogMaterial: Missing cached shader map for material Opacity, compiling. 
[2017.09.15-06.28.34:175][  0]LogMaterial: Warning: Failed to compile Material /Engine/BufferVisualization/Opacity.Opacity for platform PCD3D_SM5, Default Material will be used in game.
[2017.09.15-06.28.34:175][  0]LogMaterial: Warning: 	(Node SceneTexture) GBuffer scene textures not available with forward shading.
[2017.09.15-06.28.34:176][  0]LogMaterial: Missing cached shader map for material Roughness, compiling. 
[2017.09.15-06.28.34:176][  0]LogMaterial: Warning: Failed to compile Material /Engine/BufferVisualization/Roughness.Roughness for platform PCD3D_SM5, Default Material will be used in game.
[2017.09.15-06.28.34:176][  0]LogMaterial: Warning: 	(Node SceneTexture) GBuffer scene textures not available with forward shading.
[2017.09.15-06.28.34:185][  0]LogMaterial: Missing cached shader map for material Specular, compiling. 
[2017.09.15-06.28.34:186][  0]LogMaterial: Warning: Failed to compile Material /Engine/BufferVisualization/Specular.Specular for platform PCD3D_SM5, Default Material will be used in game.
[2017.09.15-06.28.34:186][  0]LogMaterial: Warning: 	(Node SceneTexture) GBuffer scene textures not available with forward shading.
[2017.09.15-06.28.34:186][  0]LogMaterial: Missing cached shader map for material SubsurfaceColor, compiling. 
[2017.09.15-06.28.34:187][  0]LogMaterial: Warning: Failed to compile Material /Engine/BufferVisualization/SubsurfaceColor.SubsurfaceColor for platform PCD3D_SM5, Default Material will be used in game.
[2017.09.15-06.28.34:187][  0]LogMaterial: Warning: 	(Node SceneTexture) GBuffer scene textures not available with forward shading.
[2017.09.15-06.28.34:188][  0]LogMaterial: Missing cached shader map for material WorldNormal, compiling. 
[2017.09.15-06.28.34:188][  0]LogMaterial: Warning: Failed to compile Material /Engine/BufferVisualization/WorldNormal.WorldNormal for platform PCD3D_SM5, Default Material will be used in game.
[2017.09.15-06.28.34:188][  0]LogMaterial: Warning: 	(Node SceneTexture) GBuffer scene textures not available with forward shading.
[2017.09.15-06.28.34:282][  0]LogConsoleResponse: Display: 
[2017.09.15-06.28.34:408][  0]LogCook: Display: Max memory allowance for cook 16384mb min free memory 0mb
[2017.09.15-06.28.34:408][  0]LogCook: Display: Mobile HDR setting 1
[2017.09.15-06.28.34:408][  0]LogGameplayTags: Display: UGameplayTagsManager::DoneAddingNativeTags. DelegateIsBound: 0
[2017.09.15-06.28.34:492][  0]LogFileCache: Scanning file cache for directory 'C:/Users/nikor/Documents/Unreal Projects/ZeroG 4.17/Content/' took 0.01s
[2017.09.15-06.28.34:993][  0]SourceControl: Source control is disabled
[2017.09.15-06.28.34:993][  0]Cmd: MAP LOAD FILE="C:/Users/nikor/Documents/Unreal Projects/ZeroG 4.17/Content/Map1.umap" TEMPLATE=0 SHOWPROGRESS=1 FEATURELEVEL=3
[2017.09.15-06.28.34:993][  0]LightingResults: New page: Lighting Build
[2017.09.15-06.28.35:016][  0]MapCheck: New page: Map Check
[2017.09.15-06.28.35:016][  0]LightingResults: New page: Lighting Build
[2017.09.15-06.28.35:092][  0]LogAIModule: Creating AISystem for world Map1
[2017.09.15-06.28.35:096][  0]LogEditorServer: Finished looking for orphan Actors (0.000 secs)
[2017.09.15-06.28.35:105][  0]Cmd: MAP CHECKDEP NOCLEARLOG
[2017.09.15-06.28.35:136][  0]MapCheck: Map check complete: 0 Error(s), 0 Warning(s), took 30.302ms to complete.
[2017.09.15-06.28.35:136][  0]LogFileHelpers: Loading map 'Map1' took 0.143
[2017.09.15-06.28.35:211][  0]LogCollectionManager: Loaded 0 collections in 0.001121 seconds
[2017.09.15-06.28.35:269][  0]LogFileCache: Scanning file cache for directory 'C:/Users/nikor/Documents/Unreal Projects/ZeroG 4.17/Saved/Collections/' took 0.01s
[2017.09.15-06.28.35:269][  0]LogFileCache: Scanning file cache for directory 'C:/Users/nikor/Documents/Unreal Projects/ZeroG 4.17/Content/Developers/nikor/Collections/' took 0.01s
[2017.09.15-06.28.35:269][  0]LogFileCache: Scanning file cache for directory 'C:/Users/nikor/Documents/Unreal Projects/ZeroG 4.17/Content/Collections/' took 0.01s
[2017.09.15-06.28.35:269][  0]LogCollectionManager: Rebuilt the GUID cache for 0 collections in 0.000000 seconds
[2017.09.15-06.28.35:276][  0]LogContentBrowser: Native class hierarchy populated in 0.0069 seconds. Added 2386 classes and 500 folders.
[2017.09.15-06.28.35:314][  0]LogContentBrowser: Native class hierarchy updated for 'WidgetCarousel' in 0.0005 seconds. Added 0 classes and 0 folders.
[2017.09.15-06.28.35:342][  0]LogContentBrowser: Native class hierarchy updated for 'AddContentDialog' in 0.0005 seconds. Added 0 classes and 0 folders.
[2017.09.15-06.28.35:403][  0]LogContentBrowser: Native class hierarchy updated for 'SceneOutliner' in 0.0005 seconds. Added 1 classes and 2 folders.
[2017.09.15-06.28.35:419][  0]LogSlate: Took 0.000139 seconds to synchronously load lazily loaded font '../../../Engine/Content/Slate/Fonts/Roboto-Regular.ttf' (155K)
[2017.09.15-06.28.35:420][  0]LogSlate: Took 0.000121 seconds to synchronously load lazily loaded font '../../../Engine/Content/Slate/Fonts/Roboto-Bold.ttf' (160K)
[2017.09.15-06.28.35:421][  0]LogSlate: Took 0.000132 seconds to synchronously load lazily loaded font '../../../Engine/Content/Editor/Slate/Fonts/FontAwesome.ttf' (139K)
[2017.09.15-06.28.35:539][  0]LogRenderer: Reallocating scene render targets to support 1176x924 Format 26 NumSamples 4 (Frame:1).
[2017.09.15-06.28.35:659][  0]LogContentBrowser: Native class hierarchy updated for 'HierarchicalLODOutliner' in 0.0005 seconds. Added 1 classes and 2 folders.
[2017.09.15-06.28.35:660][  0]LogLoad: (Engine Initialization) Total time: 10.80 seconds
[2017.09.15-06.28.35:660][  0]LogLoad: (Engine Initialization) Total Blueprint compile time: 0.00 seconds
[2017.09.15-06.28.35:660][  0]LogExternalProfiler: Found external profiler: VSPerf
[2017.09.15-06.28.35:660][  0]LogExternalProfiler: Using external profiler: VSPerf
[2017.09.15-06.28.35:670][  0]LogWindowsTextInputMethodSystem: Display: IME system now deactivated.
[2017.09.15-06.28.35:671][  0]LogOcInput: OculusInput is initialized
[2017.09.15-06.28.35:687][  0]LogAssetRegistry: Asset discovery search completed in 7.0125 seconds
[2017.09.15-06.28.35:688][  0]LogCollectionManager: Rebuilt the object cache for 0 collections in 0.000001 seconds (found 0 objects)
[2017.09.15-06.28.35:688][  0]LogCollectionManager: Fixed up redirectors for 0 collections in 0.000029 seconds (updated 0 objects)
[2017.09.15-06.28.35:691][  0]LogContentStreaming: Texture pool size now 400 MB
[2017.09.15-06.28.58:479][724]LogSlate: Took 0.000121 seconds to synchronously load lazily loaded font '../../../Engine/Content/Slate/Fonts/Roboto-Light.ttf' (159K)
[2017.09.15-06.28.58:670][724]Cmd: OBJ SAVEPACKAGE PACKAGE="/Game/Blueprints/thrustflame" FILE="C:/Users/nikor/Documents/Unreal Projects/ZeroG 4.17/Content/Blueprints/thrustflame.uasset" SILENT=true
[2017.09.15-06.28.58:680][724]LogSavePackage: Save=8.58ms
[2017.09.15-06.28.58:680][724]LogSavePackage: Moving 'C:/Users/nikor/Documents/Unreal Projects/ZeroG 4.17/Saved/thrustflame217182EA49F51AEB8D580F853CDD2ED5.tmp' to 'C:/Users/nikor/Documents/Unreal Projects/ZeroG 4.17/Content/Blueprints/thrustflame.uasset'
[2017.09.15-06.28.58:682][724]LogSavePackage: Display: Finished SavePackage C:/Users/nikor/Documents/Unreal Projects/ZeroG 4.17/Content/Blueprints/thrustflame.uasset
[2017.09.15-06.28.58:780][724]Cmd: OBJ SAVEPACKAGE PACKAGE="/Game/Blueprints/BP_MotionController" FILE="C:/Users/nikor/Documents/Unreal Projects/ZeroG 4.17/Content/Blueprints/BP_MotionController.uasset" SILENT=true
[2017.09.15-06.28.58:868][724]LogSavePackage: Save=79.64ms
[2017.09.15-06.28.58:868][724]LogSavePackage: Moving 'C:/Users/nikor/Documents/Unreal Projects/ZeroG 4.17/Saved/BP_MotionController34916DAC430AAB8D751912BD7585F89D.tmp' to 'C:/Users/nikor/Documents/Unreal Projects/ZeroG 4.17/Content/Blueprints/BP_MotionController.uasset'
[2017.09.15-06.28.58:870][724]LogSavePackage: Display: Finished SavePackage C:/Users/nikor/Documents/Unreal Projects/ZeroG 4.17/Content/Blueprints/BP_MotionController.uasset
[2017.09.15-06.29.01:300][981]LogContentBrowser: Native class hierarchy updated for 'BlueprintGraph' in 0.0008 seconds. Added 113 classes and 0 folders.
[2017.09.15-06.29.01:799][981]LogSlate: Took 0.000102 seconds to synchronously load lazily loaded font '../../../Engine/Content/Slate/Fonts/Roboto-Regular.ttf' (155K)
[2017.09.15-06.29.01:853][981]LogSlate: Took 0.000215 seconds to synchronously load lazily loaded font '../../../Engine/Content/Editor/Slate/Fonts/Roboto-BoldCondensed.ttf' (158K)
[2017.09.15-06.29.01:943][982]LogSlate: Took 0.000179 seconds to synchronously load lazily loaded font '../../../Engine/Content/Editor/Slate/Fonts/Roboto-Italic.ttf' (157K)
[2017.09.15-06.29.11:410][876]BlueprintLog: New page: Compile BP_MotionController
[2017.09.15-06.29.12:487][949]Cmd: OBJ SAVEPACKAGE PACKAGE="/Game/Blueprints/BP_MotionController" FILE="C:/Users/nikor/Documents/Unreal Projects/ZeroG 4.17/Content/Blueprints/BP_MotionController.uasset" SILENT=true
[2017.09.15-06.29.12:574][949]LogSavePackage: Save=82.50ms
[2017.09.15-06.29.12:574][949]LogSavePackage: Moving 'C:/Users/nikor/Documents/Unreal Projects/ZeroG 4.17/Saved/BP_MotionController900061CC43EBDDBA0178F2A524665D30.tmp' to 'C:/Users/nikor/Documents/Unreal Projects/ZeroG 4.17/Content/Blueprints/BP_MotionController.uasset'
[2017.09.15-06.29.12:575][949]LogSavePackage: Display: Finished SavePackage C:/Users/nikor/Documents/Unreal Projects/ZeroG 4.17/Content/Blueprints/BP_MotionController.uasset
[2017.09.15-06.29.15:845][295]Cmd: OBJ SAVEPACKAGE PACKAGE="/Game/Blueprints/BP_MotionController" FILE="C:/Users/nikor/Documents/Unreal Projects/ZeroG 4.17/Content/Blueprints/BP_MotionController.uasset" SILENT=true
[2017.09.15-06.29.15:926][295]LogSavePackage: Save=76.82ms
[2017.09.15-06.29.15:926][295]LogSavePackage: Moving 'C:/Users/nikor/Documents/Unreal Projects/ZeroG 4.17/Saved/BP_MotionControllerD3C0152742AE79D7811C7B8F589DFCDD.tmp' to 'C:/Users/nikor/Documents/Unreal Projects/ZeroG 4.17/Content/Blueprints/BP_MotionController.uasset'
[2017.09.15-06.29.15:927][295]LogSavePackage: Display: Finished SavePackage C:/Users/nikor/Documents/Unreal Projects/ZeroG 4.17/Content/Blueprints/BP_MotionController.uasset
[2017.09.15-06.31.41:222][691]LogWindowsTextInputMethodSystem: Display: IME system now deactivated.
[2017.09.15-06.31.41:375][692]Cmd: QUIT_EDITOR
[2017.09.15-06.31.41:399][692]LogExit: Preparing to exit.
[2017.09.15-06.31.42:402][692]LogExit: Editor shut down
[2017.09.15-06.31.42:404][692]LogExit: Transaction tracking system shut down
[2017.09.15-06.31.42:539][692]LogDirectoryWatcher: A directory notification for '../../../Engine/Content/' was aborted.
[2017.09.15-06.31.42:539][692]LogDirectoryWatcher: A directory notification for 'C:/Users/nikor/Documents/Unreal Projects/ZeroG 4.17/Content/' was aborted.
[2017.09.15-06.31.42:539][692]LogDirectoryWatcher: A directory notification for '../../../Engine/Plugins/2D/Paper2D/Content/' was aborted.
[2017.09.15-06.31.42:539][692]LogDirectoryWatcher: A directory notification for '../../../Engine/Plugins/Runtime/Oculus/OculusVR/Content/' was aborted.
[2017.09.15-06.31.42:539][692]LogDirectoryWatcher: A directory notification for '../../../Engine/Plugins/Runtime/Steam/SteamVR/Content/' was aborted.
[2017.09.15-06.31.42:605][692]LogExit: Object subsystem successfully closed.
[2017.09.15-06.31.42:621][692]LogD3D11RHI: Shutdown
[2017.09.15-06.31.42:621][692]LogD3D11RHI: CleanupD3DDevice
[2017.09.15-06.31.42:664][692]LogD3D11RHI: ~FD3D11DynamicRHI
[2017.09.15-06.31.42:670][692]LogModuleManager: Shutting down and abandoning module BlueprintGraph (536)
[2017.09.15-06.31.42:671][692]LogModuleManager: Shutting down and abandoning module BlueprintProfiler (534)
[2017.09.15-06.31.42:671][692]LogModuleManager: Shutting down and abandoning module HierarchicalLODOutliner (532)
[2017.09.15-06.31.42:671][692]LogModuleManager: Shutting down and abandoning module SceneOutliner (530)
[2017.09.15-06.31.42:671][692]LogModuleManager: Shutting down and abandoning module AddContentDialog (528)
[2017.09.15-06.31.42:671][692]LogDirectoryWatcher: A directory notification for 'E:/UnrealEngine4/UE_4.17/FeaturePacks/' was aborted.
[2017.09.15-06.31.42:671][692]LogModuleManager: Shutting down and abandoning module WidgetCarousel (527)
[2017.09.15-06.31.42:671][692]LogModuleManager: Shutting down and abandoning module EditorWidgets (524)
[2017.09.15-06.31.42:671][692]LogModuleManager: Shutting down and abandoning module CollectionManager (522)
[2017.09.15-06.31.42:671][692]LogDirectoryWatcher: A directory notification for 'C:/Users/nikor/Documents/Unreal Projects/ZeroG 4.17/Content/Collections/' was aborted.
[2017.09.15-06.31.42:671][692]LogDirectoryWatcher: A directory notification for 'C:/Users/nikor/Documents/Unreal Projects/ZeroG 4.17/Content/Developers/nikor/Collections/' was aborted.
[2017.09.15-06.31.42:671][692]LogDirectoryWatcher: A directory notification for 'C:/Users/nikor/Documents/Unreal Projects/ZeroG 4.17/Saved/Collections/' was aborted.
[2017.09.15-06.31.42:671][692]LogModuleManager: Shutting down and abandoning module StatsViewer (520)
[2017.09.15-06.31.42:672][692]LogModuleManager: Shutting down and abandoning module FoliageEdit (518)
[2017.09.15-06.31.42:672][692]LogModuleManager: Shutting down and abandoning module LandscapeEditor (516)
[2017.09.15-06.31.42:672][692]LogModuleManager: Shutting down and abandoning module MeshPaintMode (514)
[2017.09.15-06.31.42:672][692]LogModuleManager: Shutting down and abandoning module SceneDepthPickerMode (512)
[2017.09.15-06.31.42:672][692]LogModuleManager: Shutting down and abandoning module ActorPickerMode (510)
[2017.09.15-06.31.42:672][692]LogModuleManager: Shutting down and abandoning module GeometryMode (508)
[2017.09.15-06.31.42:672][692]LogModuleManager: Shutting down and abandoning module TextureAlignMode (506)
[2017.09.15-06.31.42:672][692]LogModuleManager: Shutting down and abandoning module BspMode (504)
[2017.09.15-06.31.42:672][692]LogModuleManager: Shutting down and abandoning module PIEPreviewDeviceProfileSelector (502)
[2017.09.15-06.31.42:672][692]LogModuleManager: Shutting down and abandoning module HardwareSurvey (500)
[2017.09.15-06.31.42:672][692]LogModuleManager: Shutting down and abandoning module SequenceRecorderSections (498)
[2017.09.15-06.31.42:672][692]LogModuleManager: Shutting down and abandoning module AutomationWorker (496)
[2017.09.15-06.31.42:672][692]LogModuleManager: Shutting down and abandoning module MatineeToLevelSequence (494)
[2017.09.15-06.31.42:672][692]LogModuleManager: Shutting down and abandoning module LevelSequenceEditor (492)
[2017.09.15-06.31.42:672][692]LogModuleManager: Shutting down and abandoning module PlacementMode (491)
[2017.09.15-06.31.42:672][692]LogModuleManager: Shutting down and abandoning module WmfMediaFactory (488)
[2017.09.15-06.31.42:672][692]LogModuleManager: Shutting down and abandoning module WmfMediaEditor (486)
[2017.09.15-06.31.42:672][692]LogModuleManager: Shutting down and abandoning module AvfMediaFactory (484)
[2017.09.15-06.31.42:672][692]LogModuleManager: Shutting down and abandoning module AvfMediaEditor (482)
[2017.09.15-06.31.42:672][692]LogModuleManager: Shutting down and abandoning module AndroidMediaFactory (480)
[2017.09.15-06.31.42:672][692]LogModuleManager: Shutting down and abandoning module Media (479)
[2017.09.15-06.31.42:672][692]LogModuleManager: Shutting down and abandoning module AndroidMediaEditor (476)
[2017.09.15-06.31.42:672][692]LogModuleManager: Shutting down and abandoning module CharacterAI (474)
[2017.09.15-06.31.42:672][692]LogModuleManager: Shutting down and abandoning module AudioCapture (472)
[2017.09.15-06.31.42:672][692]LogModuleManager: Shutting down and abandoning module SequenceRecorder (471)
[2017.09.15-06.31.42:672][692]LogModuleManager: Shutting down and abandoning module SmartSnapping (468)
[2017.09.15-06.31.42:672][692]LogModuleManager: Shutting down and abandoning module SessionServices (466)
[2017.09.15-06.31.42:672][692]LogModuleManager: Shutting down and abandoning module ViewportSnapping (464)
[2017.09.15-06.31.42:672][692]LogModuleManager: Shutting down and abandoning module ViewportInteraction (462)
[2017.09.15-06.31.42:672][692]LogModuleManager: Shutting down and abandoning module ClothPainter (460)
[2017.09.15-06.31.42:672][692]LogModuleManager: Shutting down and abandoning module LogVisualizer (458)
[2017.09.15-06.31.42:672][692]LogModuleManager: Shutting down and abandoning module IntroTutorials (456)
[2017.09.15-06.31.42:672][692]LogModuleManager: Shutting down and abandoning module GameProjectGeneration (455)
[2017.09.15-06.31.42:672][692]LogModuleManager: Shutting down and abandoning module IOSPlatformEditor (452)
[2017.09.15-06.31.42:672][692]LogModuleManager: Shutting down and abandoning module HTML5PlatformEditor (450)
[2017.09.15-06.31.42:672][692]LogModuleManager: Shutting down and abandoning module AndroidPlatformEditor (448)
[2017.09.15-06.31.42:672][692]LogModuleManager: Shutting down and abandoning module AndroidDeviceDetection (447)
[2017.09.15-06.31.42:966][692]LogModuleManager: Shutting down and abandoning module WindowsPlatformEditor (444)
[2017.09.15-06.31.42:966][692]LogModuleManager: Shutting down and abandoning module IOSRuntimeSettings (442)
[2017.09.15-06.31.42:966][692]LogModuleManager: Shutting down and abandoning module AndroidRuntimeSettings (440)
[2017.09.15-06.31.42:966][692]LogModuleManager: Shutting down and abandoning module InputBindingEditor (438)
[2017.09.15-06.31.42:966][692]LogModuleManager: Shutting down and abandoning module MergeActors (436)
[2017.09.15-06.31.42:966][692]LogModuleManager: Shutting down and abandoning module SizeMap (434)
[2017.09.15-06.31.42:966][692]LogModuleManager: Shutting down and abandoning module TreeMap (432)
[2017.09.15-06.31.42:966][692]LogModuleManager: Shutting down and abandoning module ReferenceViewer (430)
[2017.09.15-06.31.42:966][692]LogModuleManager: Shutting down and abandoning module LocalizationDashboard (428)
[2017.09.15-06.31.42:966][692]LogModuleManager: Shutting down and abandoning module LocalizationService (427)
[2017.09.15-06.31.42:966][692]LogModuleManager: Shutting down and abandoning module HardwareTargeting (424)
[2017.09.15-06.31.42:966][692]LogModuleManager: Shutting down and abandoning module DeviceProfileEditor (422)
[2017.09.15-06.31.42:966][692]LogModuleManager: Shutting down and abandoning module UndoHistory (420)
[2017.09.15-06.31.42:966][692]LogModuleManager: Shutting down and abandoning module XmlParser (418)
[2017.09.15-06.31.42:966][692]LogModuleManager: Shutting down and abandoning module Blutility (416)
[2017.09.15-06.31.42:966][692]LogModuleManager: Shutting down and abandoning module ProjectSettingsViewer (414)
[2017.09.15-06.31.42:966][692]LogModuleManager: Shutting down and abandoning module ProjectTargetPlatformEditor (413)
[2017.09.15-06.31.42:967][692]LogModuleManager: Shutting down and abandoning module EditorSettingsViewer (410)
[2017.09.15-06.31.42:967][692]LogModuleManager: Shutting down and abandoning module SettingsEditor (408)
[2017.09.15-06.31.42:967][692]LogModuleManager: Shutting down and abandoning module ProjectLauncher (406)
[2017.09.15-06.31.42:967][692]LogModuleManager: Shutting down and abandoning module SessionFrontend (404)
[2017.09.15-06.31.42:967][692]LogModuleManager: Shutting down and abandoning module ProfilerClient (402)
[2017.09.15-06.31.42:967][692]LogModuleManager: Shutting down and abandoning module DeviceManager (400)
[2017.09.15-06.31.42:967][692]LogModuleManager: Shutting down and abandoning module TargetDeviceServices (399)
[2017.09.15-06.31.43:030][692]LogModuleManager: Shutting down and abandoning module AutomationController (396)
[2017.09.15-06.31.43:030][692]LogModuleManager: Shutting down and abandoning module AutomationWindow (394)
[2017.09.15-06.31.43:030][692]LogModuleManager: Shutting down and abandoning module Layers (392)
[2017.09.15-06.31.43:030][692]LogModuleManager: Shutting down and abandoning module ComponentVisualizers (390)
[2017.09.15-06.31.43:030][692]LogModuleManager: Shutting down and abandoning module DetailCustomizations (388)
[2017.09.15-06.31.43:030][692]LogModuleManager: Shutting down and abandoning module PackagesDialog (386)
[2017.09.15-06.31.43:030][692]LogModuleManager: Shutting down and abandoning module Persona (384)
[2017.09.15-06.31.43:030][692]LogModuleManager: Shutting down and abandoning module AdvancedPreviewScene (383)
[2017.09.15-06.31.43:030][692]LogModuleManager: Shutting down and abandoning module AnimGraph (381)
[2017.09.15-06.31.43:030][692]LogModuleManager: Shutting down and abandoning module Kismet (378)
[2017.09.15-06.31.43:035][692]LogModuleManager: Shutting down and abandoning module ClassViewer (376)
[2017.09.15-06.31.43:035][692]LogModuleManager: Shutting down and abandoning module Toolbox (374)
[2017.09.15-06.31.43:035][692]LogModuleManager: Shutting down and abandoning module ModuleUI (372)
[2017.09.15-06.31.43:035][692]LogModuleManager: Shutting down and abandoning module MovieSceneTools (370)
[2017.09.15-06.31.43:035][692]LogModuleManager: Shutting down and abandoning module OutputLog (368)
[2017.09.15-06.31.43:035][692]LogModuleManager: Shutting down and abandoning module GammaUI (366)
[2017.09.15-06.31.43:035][692]LogModuleManager: Shutting down and abandoning module Documentation (364)
[2017.09.15-06.31.43:035][692]LogModuleManager: Shutting down and abandoning module MovieSceneTracks (362)
[2017.09.15-06.31.43:035][692]LogModuleManager: Shutting down and abandoning module MovieScene (360)
[2017.09.15-06.31.43:035][692]LogModuleManager: Shutting down and abandoning module Niagara (358)
[2017.09.15-06.31.43:035][692]LogModuleManager: Shutting down and abandoning module NiagaraEditor (357)
[2017.09.15-06.31.43:035][692]LogModuleManager: Shutting down and abandoning module StreamingPauseRendering (354)
[2017.09.15-06.31.43:035][692]LogModuleManager: Shutting down and abandoning module LauncherPlatform (352)
[2017.09.15-06.31.43:035][692]LogModuleManager: Shutting down and abandoning module AnalyticsET (350)
[2017.09.15-06.31.43:035][692]LogModuleManager: Shutting down and abandoning module PortalServices (348)
[2017.09.15-06.31.43:035][692]LogModuleManager: Shutting down and abandoning module PortalRpc (346)
[2017.09.15-06.31.43:035][692]LogModuleManager: Shutting down and abandoning module MessagingRpc (344)
[2017.09.15-06.31.43:035][692]LogModuleManager: Shutting down and abandoning module AIModule (342)
[2017.09.15-06.31.43:035][692]LogModuleManager: Shutting down and abandoning module GameplayDebugger (341)
[2017.09.15-06.31.43:035][692]LogModuleManager: Shutting down and abandoning module AITestSuite (339)
[2017.09.15-06.31.43:035][692]LogModuleManager: Shutting down and abandoning module ProfilerService (336)
[2017.09.15-06.31.43:183][692]LogModuleManager: Shutting down and abandoning module TaskGraph (334)
[2017.09.15-06.31.43:183][692]LogModuleManager: Shutting down and abandoning module SteamVRController (332)
[2017.09.15-06.31.43:183][692]LogModuleManager: Shutting down and abandoning module ProceduralMeshComponentEditor (330)
[2017.09.15-06.31.43:183][692]LogModuleManager: Shutting down and abandoning module ProceduralMeshComponent (328)
[2017.09.15-06.31.43:183][692]LogModuleManager: Shutting down and abandoning module OculusInput (326)
[2017.09.15-06.31.43:183][692]LogModuleManager: Shutting down and abandoning module MobilePatchingUtils (324)
[2017.09.15-06.31.43:183][692]LogModuleManager: Shutting down and abandoning module CustomMeshComponent (322)
[2017.09.15-06.31.43:183][692]LogModuleManager: Shutting down and abandoning module CableComponent (320)
[2017.09.15-06.31.43:183][692]LogModuleManager: Shutting down and abandoning module ArchVisCharacter (318)
[2017.09.15-06.31.43:183][692]LogModuleManager: Shutting down and abandoning module AndroidPermission (316)
[2017.09.15-06.31.43:183][692]LogModuleManager: Shutting down and abandoning module MediaPlayerEditor (312)
[2017.09.15-06.31.43:183][692]LogModuleManager: Shutting down and abandoning module HTML5Networking (310)
[2017.09.15-06.31.43:183][692]LogModuleManager: Shutting down and abandoning module AlembicImporter (308)
[2017.09.15-06.31.43:183][692]LogModuleManager: Shutting down and abandoning module AlembicLibrary (307)
[2017.09.15-06.31.43:183][692]LogModuleManager: Shutting down and abandoning module GeometryCache (306)
[2017.09.15-06.31.43:183][692]LogModuleManager: Shutting down and abandoning module GeometryCacheEd (305)
[2017.09.15-06.31.43:183][692]LogModuleManager: Shutting down and abandoning module SpeedTreeImporter (300)
[2017.09.15-06.31.43:183][692]LogModuleManager: Shutting down and abandoning module PluginBrowser (298)
[2017.09.15-06.31.43:183][692]LogModuleManager: Shutting down and abandoning module MobileLauncherProfileWizard (296)
[2017.09.15-06.31.43:183][692]LogModuleManager: Shutting down and abandoning module VisualStudioSourceCodeAccess (294)
[2017.09.15-06.31.43:183][692]LogModuleManager: Shutting down and abandoning module DesktopPlatform (293)
[2017.09.15-06.31.43:183][692]LogModuleManager: Shutting down and abandoning module UObjectPlugin (290)
[2017.09.15-06.31.43:183][692]LogModuleManager: Shutting down and abandoning module SubversionSourceControl (288)
[2017.09.15-06.31.43:183][692]LogModuleManager: Shutting down and abandoning module PerforceSourceControl (286)
[2017.09.15-06.31.43:183][692]LogModuleManager: Shutting down and abandoning module GitSourceControl (284)
[2017.09.15-06.31.43:183][692]LogModuleManager: Shutting down and abandoning module SourceControl (283)
[2017.09.15-06.31.43:183][692]LogModuleManager: Shutting down and abandoning module LightPropagationVolumeEditor (280)
[2017.09.15-06.31.43:183][692]LogModuleManager: Shutting down and abandoning module PaperTiledImporter (278)
[2017.09.15-06.31.43:183][692]LogModuleManager: Shutting down and abandoning module PaperSpriteSheetImporter (276)
[2017.09.15-06.31.43:183][692]LogModuleManager: Shutting down and abandoning module Paper2DEditor (274)
[2017.09.15-06.31.43:183][692]LogModuleManager: Shutting down and abandoning module MeshPaint (273)
[2017.09.15-06.31.43:183][692]LogModuleManager: Shutting down and abandoning module LevelEditor (271)
[2017.09.15-06.31.43:183][692]LogModuleManager: Shutting down and abandoning module PixelInspectorModule (270)
[2017.09.15-06.31.43:183][692]LogModuleManager: Shutting down and abandoning module MainFrame (268)
[2017.09.15-06.31.43:183][692]LogModuleManager: Shutting down and abandoning module HotReload (267)
[2017.09.15-06.31.43:184][692]LogModuleManager: Shutting down and abandoning module RuntimePhysXCooking (262)
[2017.09.15-06.31.43:184][692]LogModuleManager: Shutting down and abandoning module PhysXVehiclesEditor (260)
[2017.09.15-06.31.43:184][692]LogModuleManager: Shutting down and abandoning module PhysXVehicles (258)
[2017.09.15-06.31.43:184][692]LogModuleManager: Shutting down and abandoning module OculusEditor (256)
[2017.09.15-06.31.43:184][692]LogModuleManager: Shutting down and abandoning module LocationServicesBPLibrary (254)
[2017.09.15-06.31.43:184][692]LogModuleManager: Shutting down and abandoning module ImmediatePhysicsEditor (252)
[2017.09.15-06.31.43:184][692]LogModuleManager: Shutting down and abandoning module ImmediatePhysics (250)
[2017.09.15-06.31.43:184][692]LogModuleManager: Shutting down and abandoning module UdpMessaging (248)
[2017.09.15-06.31.43:286][692]LogModuleManager: Shutting down and abandoning module TcpMessaging (246)
[2017.09.15-06.31.43:387][692]LogModuleManager: Shutting down and abandoning module GameplayTagsEditor (244)
[2017.09.15-06.31.43:387][692]LogModuleManager: Shutting down and abandoning module FacialAnimationEditor (242)
[2017.09.15-06.31.43:387][692]LogModuleManager: Shutting down and abandoning module FacialAnimation (240)
[2017.09.15-06.31.43:387][692]LogModuleManager: Shutting down and abandoning module AssetManagerEditor (238)
[2017.09.15-06.31.43:387][692]LogModuleManager: Shutting down and abandoning module GraphEditor (237)
[2017.09.15-06.31.43:387][692]LogModuleManager: Shutting down and abandoning module ContentBrowser (235)
[2017.09.15-06.31.43:388][692]LogModuleManager: Shutting down and abandoning module LightPropagationVolumeRuntime (232)
[2017.09.15-06.31.43:388][692]LogModuleManager: Shutting down and abandoning module Paper2D (230)
[2017.09.15-06.31.43:388][692]LogModuleManager: Shutting down and abandoning module WindowsMoviePlayer (228)
[2017.09.15-06.31.43:388][692]LogModuleManager: Shutting down and abandoning module WmfMedia (226)
[2017.09.15-06.31.43:388][692]LogModuleManager: Shutting down and abandoning module PacketHandler (224)
[2017.09.15-06.31.43:388][692]LogModuleManager: Shutting down and abandoning module ClothingSystemEditor (222)
[2017.09.15-06.31.43:388][692]LogModuleManager: Shutting down and abandoning module ClothingSystemRuntime (220)
[2017.09.15-06.31.43:388][692]LogModuleManager: Shutting down and abandoning module Overlay (218)
[2017.09.15-06.31.43:388][692]LogModuleManager: Shutting down and abandoning module OverlayEditor (217)
[2017.09.15-06.31.43:388][692]LogModuleManager: Shutting down and abandoning module MediaAssets (214)
[2017.09.15-06.31.43:388][692]LogModuleManager: Shutting down and abandoning module VREditor (212)
[2017.09.15-06.31.43:388][692]LogModuleManager: Shutting down and abandoning module StringTableEditor (210)
[2017.09.15-06.31.43:388][692]LogModuleManager: Shutting down and abandoning module GameplayTasksEditor (208)
[2017.09.15-06.31.43:388][692]LogModuleManager: Shutting down and abandoning module BehaviorTreeEditor (206)
[2017.09.15-06.31.43:388][692]LogModuleManager: Shutting down and abandoning module FunctionalTesting (204)
[2017.09.15-06.31.43:388][692]LogModuleManager: Shutting down and abandoning module CollisionAnalyzer (202)
[2017.09.15-06.31.43:388][692]LogModuleManager: Shutting down and abandoning module WorkspaceMenuStructure (201)
[2017.09.15-06.31.43:388][692]LogModuleManager: Shutting down and abandoning module UMG (198)
[2017.09.15-06.31.43:388][692]LogModuleManager: Shutting down and abandoning module UMGEditor (197)
[2017.09.15-06.31.43:388][692]LogModuleManager: Shutting down and abandoning module Sequencer (196)
[2017.09.15-06.31.43:388][692]LogModuleManager: Shutting down and abandoning module MessageLog (193)
[2017.09.15-06.31.43:388][692]LogModuleManager: Shutting down and abandoning module SlateReflector (188)
[2017.09.15-06.31.43:388][692]LogModuleManager: Shutting down and abandoning module Slate (186)
[2017.09.15-06.31.43:388][692]LogModuleManager: Shutting down and abandoning module EditorStyle (184)
[2017.09.15-06.31.43:390][692]LogModuleManager: Shutting down and abandoning module MRMesh (182)
[2017.09.15-06.31.43:390][692]LogModuleManager: Shutting down and abandoning module SourceCodeAccess (180)
[2017.09.15-06.31.43:390][692]LogModuleManager: Shutting down and abandoning module HeadMountedDisplay (178)
[2017.09.15-06.31.43:390][692]LogModuleManager: Shutting down and abandoning module XAudio2 (176)
[2017.09.15-06.31.43:390][692]LogModuleManager: Shutting down and abandoning module Networking (174)
[2017.09.15-06.31.43:390][692]LogModuleManager: Shutting down and abandoning module Core (170)
[2017.09.15-06.31.43:390][692]LogModuleManager: Shutting down and abandoning module KismetCompiler (166)
[2017.09.15-06.31.43:390][692]LogModuleManager: Shutting down and abandoning module LevelSequence (164)
[2017.09.15-06.31.43:390][692]LogModuleManager: Shutting down and abandoning module MeshUtilities (162)
[2017.09.15-06.31.43:390][692]LogModuleManager: Shutting down and abandoning module MeshMergeUtilities (161)
[2017.09.15-06.31.43:390][692]LogModuleManager: Shutting down and abandoning module MeshReductionInterface (160)
[2017.09.15-06.31.43:390][692]LogModuleManager: Shutting down and abandoning module SimplygonSwarm (159)
[2017.09.15-06.31.43:390][692]LogModuleManager: Shutting down and abandoning module SimplygonMeshReduction (157)
[2017.09.15-06.31.43:390][692]LogModuleManager: Shutting down and abandoning module QuadricMeshReduction (155)
[2017.09.15-06.31.43:390][692]LogModuleManager: Shutting down and abandoning module MaterialBaking (151)
[2017.09.15-06.31.43:390][692]LogModuleManager: Shutting down and abandoning module DirectoryWatcher (148)
[2017.09.15-06.31.43:390][692]LogModuleManager: Shutting down and abandoning module DerivedDataCache (146)
[2017.09.15-06.31.43:440][692]LogDerivedDataCache: Shutdown
[2017.09.15-06.31.43:440][692]LogModuleManager: Shutting down and abandoning module TargetPlatform (144)
[2017.09.15-06.31.43:440][692]LogModuleManager: Shutting down and abandoning module VulkanShaderFormat (143)
[2017.09.15-06.31.43:440][692]LogModuleManager: Shutting down and abandoning module ShaderFormatVectorVM (141)
[2017.09.15-06.31.43:440][692]LogModuleManager: Shutting down and abandoning module ShaderFormatOpenGL (139)
[2017.09.15-06.31.43:440][692]LogModuleManager: Shutting down and abandoning module ShaderFormatD3D (137)
[2017.09.15-06.31.43:440][692]LogModuleManager: Shutting down and abandoning module MetalShaderFormat (135)
[2017.09.15-06.31.43:440][692]LogModuleManager: Shutting down and abandoning module TextureFormatUncompressed (133)
[2017.09.15-06.31.43:440][692]LogModuleManager: Shutting down and abandoning module TextureFormatPVR (131)
[2017.09.15-06.31.43:440][692]LogModuleManager: Shutting down and abandoning module TextureFormatDXT (129)
[2017.09.15-06.31.43:440][692]LogModuleManager: Shutting down and abandoning module TextureFormatIntelISPCTexComp (127)
[2017.09.15-06.31.43:440][692]LogModuleManager: Shutting down and abandoning module TextureFormatASTC (125)
[2017.09.15-06.31.43:440][692]LogModuleManager: Shutting down and abandoning module ImageWrapper (124)
[2017.09.15-06.31.43:440][692]LogModuleManager: Shutting down and abandoning module TextureFormatAndroid (121)
[2017.09.15-06.31.43:440][692]LogModuleManager: Shutting down and abandoning module AudioFormatOpus (119)
[2017.09.15-06.31.43:440][692]LogModuleManager: Shutting down and abandoning module AudioFormatOgg (117)
[2017.09.15-06.31.43:440][692]LogModuleManager: Shutting down and abandoning module AudioFormatADPCM (115)
[2017.09.15-06.31.43:440][692]LogModuleManager: Shutting down and abandoning module LinuxTargetPlatform (113)
[2017.09.15-06.31.43:440][692]LogModuleManager: Shutting down and abandoning module LinuxServerTargetPlatform (111)
[2017.09.15-06.31.43:440][692]LogModuleManager: Shutting down and abandoning module LinuxNoEditorTargetPlatform (109)
[2017.09.15-06.31.43:440][692]LogModuleManager: Shutting down and abandoning module LinuxClientTargetPlatform (107)
[2017.09.15-06.31.43:440][692]LogModuleManager: Shutting down and abandoning module TVOSTargetPlatform (105)
[2017.09.15-06.31.43:440][692]LogModuleManager: Shutting down and abandoning module Messaging (103)
[2017.09.15-06.31.43:440][692]LogModuleManager: Shutting down and abandoning module IOSTargetPlatform (101)
[2017.09.15-06.31.43:440][692]LogModuleManager: Shutting down and abandoning module HTML5TargetPlatform (99)
[2017.09.15-06.31.43:440][692]LogModuleManager: Shutting down and abandoning module Android_PVRTCTargetPlatform (97)
[2017.09.15-06.31.43:440][692]LogModuleManager: Shutting down and abandoning module Android_MultiTargetPlatform (95)
[2017.09.15-06.31.43:440][692]LogModuleManager: Shutting down and abandoning module Android_ETC2TargetPlatform (93)
[2017.09.15-06.31.43:440][692]LogModuleManager: Shutting down and abandoning module Android_ETC1TargetPlatform (91)
[2017.09.15-06.31.43:440][692]LogModuleManager: Shutting down and abandoning module Android_DXTTargetPlatform (89)
[2017.09.15-06.31.43:441][692]LogModuleManager: Shutting down and abandoning module Android_ATCTargetPlatform (87)
[2017.09.15-06.31.43:441][692]LogModuleManager: Shutting down and abandoning module Android_ASTCTargetPlatform (85)
[2017.09.15-06.31.43:441][692]LogModuleManager: Shutting down and abandoning module AndroidTargetPlatform (83)
[2017.09.15-06.31.43:441][692]LogModuleManager: Shutting down and abandoning module WindowsTargetPlatform (81)
[2017.09.15-06.31.43:441][692]LogModuleManager: Shutting down and abandoning module WindowsServerTargetPlatform (79)
[2017.09.15-06.31.43:441][692]LogModuleManager: Shutting down and abandoning module WindowsNoEditorTargetPlatform (77)
[2017.09.15-06.31.43:441][692]LogModuleManager: Shutting down and abandoning module WindowsClientTargetPlatform (75)
[2017.09.15-06.31.43:441][692]LogModuleManager: Shutting down and abandoning module MacTargetPlatform (73)
[2017.09.15-06.31.43:441][692]LogModuleManager: Shutting down and abandoning module MacServerTargetPlatform (71)
[2017.09.15-06.31.43:441][692]LogModuleManager: Shutting down and abandoning module MacNoEditorTargetPlatform (69)
[2017.09.15-06.31.43:441][692]LogModuleManager: Shutting down and abandoning module MacClientTargetPlatform (67)
[2017.09.15-06.31.43:441][692]LogModuleManager: Shutting down and abandoning module AllDesktopTargetPlatform (65)
[2017.09.15-06.31.43:441][692]LogModuleManager: Shutting down and abandoning module InputCore (62)
[2017.09.15-06.31.43:441][692]LogModuleManager: Shutting down and abandoning module Settings (60)
[2017.09.15-06.31.43:441][692]LogModuleManager: Shutting down and abandoning module PhysXCooking (58)
[2017.09.15-06.31.43:441][692]LogModuleManager: Shutting down and abandoning module SteamVR (56)
[2017.09.15-06.31.43:441][692]LogModuleManager: Shutting down and abandoning module OculusHMD (54)
[2017.09.15-06.31.43:441][692]LogModuleManager: Shutting down and abandoning module OculusAudio (52)
[2017.09.15-06.31.43:441][692]LogModuleManager: Shutting down and abandoning module ExampleDeviceProfileSelector (50)
[2017.09.15-06.31.43:441][692]LogModuleManager: Shutting down and abandoning module OnlineBlueprintSupport (48)
[2017.09.15-06.31.43:441][692]LogModuleManager: Shutting down and abandoning module OnlineSubsystem (44)
[2017.09.15-06.31.43:441][692]LogOnline: Display: Unloading online subsystem: NULL
[2017.09.15-06.31.43:441][692]LogModuleManager: Shutting down and abandoning module XMPP (43)
[2017.09.15-06.31.43:441][692]LogModuleManager: Shutting down and abandoning module HTTP (41)
[2017.09.15-06.31.43:441][692]LogHttp: Display: Http module shutting down, but needs to wait on 1 outstanding Http requests:
[2017.09.15-06.31.43:441][692]LogHttp: Display: 	verb=[POST] url=[https://datarouter.ol.epicgames.com/datarouter/api/v1/public/data?SessionID=%7B2A738F88-40F8-6915-1191-48B39EFC5574%7D&AppID=UEEditor.Rocket.Release&AppVersion=4.17.1-3586342%2B%2B%2BUE4%2BRelease-4.17&UserID=6992b48a42a6a9934f7b6ea29e28ddfa%7C4a6d8132348f45a78f89daec5fec0903%7C8b8be01b-71e0-4f2e-820a-763d69c861fb&AppEnvironment=datacollector-binary&UploadType=eteventstream] status=Processing
[2017.09.15-06.31.43:469][692]LogModuleManager: Shutting down and abandoning module SSL (40)
[2017.09.15-06.31.43:470][692]LogModuleManager: Shutting down and abandoning module AnimationModifiers (36)
[2017.09.15-06.31.43:470][692]LogModuleManager: Shutting down and abandoning module PropertyEditor (35)
[2017.09.15-06.31.43:470][692]LogModuleManager: Shutting down and abandoning module AudioEditor (32)
[2017.09.15-06.31.43:470][692]LogModuleManager: Shutting down and abandoning module TextureCompressor (30)
[2017.09.15-06.31.43:470][692]LogModuleManager: Shutting down and abandoning module ShaderCore (28)
[2017.09.15-06.31.43:470][692]LogModuleManager: Shutting down and abandoning module Landscape (26)
[2017.09.15-06.31.43:470][692]LogModuleManager: Shutting down and abandoning module SlateRHIRenderer (24)
[2017.09.15-06.31.43:471][692]LogModuleManager: Shutting down and abandoning module OpenGLDrv (22)
[2017.09.15-06.31.43:471][692]LogModuleManager: Shutting down and abandoning module D3D11RHI (20)
[2017.09.15-06.31.43:471][692]LogModuleManager: Shutting down and abandoning module AnimGraphRuntime (18)
[2017.09.15-06.31.43:471][692]LogModuleManager: Shutting down and abandoning module Renderer (16)
[2017.09.15-06.31.43:471][692]LogModuleManager: Shutting down and abandoning module Engine (14)
[2017.09.15-06.31.43:471][692]LogModuleManager: Shutting down and abandoning module CoreUObject (12)
[2017.09.15-06.31.43:471][692]LogModuleManager: Shutting down and abandoning module NetworkFile (10)
[2017.09.15-06.31.43:471][692]LogModuleManager: Shutting down and abandoning module CookedIterativeFile (8)
[2017.09.15-06.31.43:471][692]LogModuleManager: Shutting down and abandoning module StreamingFile (6)
[2017.09.15-06.31.43:471][692]LogModuleManager: Shutting down and abandoning module SandboxFile (4)
[2017.09.15-06.31.43:471][692]LogModuleManager: Shutting down and abandoning module PakFile (2)
[2017.09.15-06.31.43:473][692]LogExit: Exiting.
[2017.09.15-06.31.43:483][692]Log file closed, 09/15/17 01:31:43
